Unity Editor version:    2021.3.19f1 (c9714fde33b6)
Branch:                  2021.3/staging
Build type:              Release
Batch mode:              YES
System name:             Linux
Distro version:          #36~22.04.1-Ubuntu SMP PREEMPT_DYNAMIC Fri Feb 17 15:17:25 UTC 2
Kernel version:          5.19.0-35-generic
Architecture:            x86_64
Available memory:        15711 MB
Using pre-set license
Pro License: YES
Desktop is 1920 x 1080 @ 60 Hz
Initialize udev device monitor.

COMMAND LINE ARGUMENTS:
Unity
-adb2
-batchMode
-noUpm
-name
AssetImportWorker2
-projectPath
/home/thatsaud/AR Project
-logFile
Logs/AssetImportWorker2.log
-srvPort
34909
Successfully changed project path to: /home/thatsaud/AR Project
/home/thatsaud/AR Project
[UnityMemory] Configuration Parameters - Can be set up in boot.config
    "memorysetup-bucket-allocator-granularity=16"
    "memorysetup-bucket-allocator-bucket-count=8"
    "memorysetup-bucket-allocator-block-size=33554432"
    "memorysetup-bucket-allocator-block-count=8"
    "memorysetup-main-allocator-block-size=16777216"
    "memorysetup-thread-allocator-block-size=16777216"
    "memorysetup-gfx-main-allocator-block-size=16777216"
    "memorysetup-gfx-thread-allocator-block-size=16777216"
    "memorysetup-cache-allocator-block-size=4194304"
    "memorysetup-typetree-allocator-block-size=2097152"
    "memorysetup-profiler-bucket-allocator-granularity=16"
    "memorysetup-profiler-bucket-allocator-bucket-count=8"
    "memorysetup-profiler-bucket-allocator-block-size=33554432"
    "memorysetup-profiler-bucket-allocator-block-count=8"
    "memorysetup-profiler-allocator-block-size=16777216"
    "memorysetup-profiler-editor-allocator-block-size=1048576"
    "memorysetup-temp-allocator-size-main=16777216"
    "memorysetup-job-temp-allocator-block-size=2097152"
    "memorysetup-job-temp-allocator-block-size-background=1048576"
    "memorysetup-job-temp-allocator-reduction-small-platforms=262144"
    "memorysetup-temp-allocator-size-background-worker=32768"
    "memorysetup-temp-allocator-size-job-worker=262144"
    "memorysetup-temp-allocator-size-preload-manager=33554432"
    "memorysetup-temp-allocator-size-nav-mesh-worker=65536"
    "memorysetup-temp-allocator-size-audio-worker=65536"
    "memorysetup-temp-allocator-size-cloud-worker=32768"
    "memorysetup-temp-allocator-size-gi-baking-worker=262144"
    "memorysetup-temp-allocator-size-gfx=262144"
Player connection [140207318397824] Host "[IP] 192.168.122.1 [Port] 0 [Flags] 2 [Guid] 1564145339 [EditorId] 1564145339 [Version] 1048832 [Id] LinuxEditor(16,10.34.176.92) [Debug] 1 [PackageName] LinuxEditor [ProjectName] Editor" joined multi-casting on [225.0.0.222:54997]...

Player connection [140207318397824] Host "[IP] 192.168.122.1 [Port] 0 [Flags] 2 [Guid] 1564145339 [EditorId] 1564145339 [Version] 1048832 [Id] LinuxEditor(16,10.34.176.92) [Debug] 1 [PackageName] LinuxEditor [ProjectName] Editor" joined alternative multi-casting on [225.0.0.222:34997]...

Refreshing native plugins compatible for Editor in 63.55 ms, found 0 plugins.
Preloading 0 native plugins for Editor in 0.00 ms.
Initialize engine version: 2021.3.19f1 (c9714fde33b6)
[Subsystems] Discovering subsystems at path /home/thatsaud/Unity/Hub/Editor/2021.3.19f1/Editor/Data/Resources/UnitySubsystems
[Subsystems] Discovering subsystems at path /home/thatsaud/AR Project/Assets
GLX Extensions: GLX_ARB_create_context GLX_ARB_create_context_no_error GLX_ARB_create_context_profile GLX_ARB_create_context_robustness GLX_ARB_fbconfig_float GLX_ARB_framebuffer_sRGB GLX_ARB_get_proc_address GLX_ARB_multisample GLX_EXT_buffer_age GLX_EXT_create_context_es2_profile GLX_EXT_create_context_es_profile GLX_EXT_fbconfig_packed_float GLX_EXT_framebuffer_sRGB GLX_EXT_no_config_context GLX_EXT_swap_control GLX_EXT_swap_control_tear GLX_EXT_texture_from_pixmap GLX_EXT_visual_info GLX_EXT_visual_rating GLX_INTEL_swap_event GLX_MESA_copy_sub_buffer GLX_MESA_query_renderer GLX_MESA_swap_control GLX_OML_swap_method GLX_OML_sync_control GLX_SGIS_multisample GLX_SGIX_fbconfig GLX_SGIX_pbuffer GLX_SGIX_visual_select_group GLX_SGI_make_current_read GLX_SGI_swap_control GLX_SGI_video_sync 
Renderer: Mesa Intel(R) Graphics (ADL GT2)
Vendor:   Intel
Version:  4.6 (Core Profile) Mesa 22.0.5
GLES:     0
 GL_3DFX_texture_compression_FXT1 GL_AMD_conservative_depth GL_AMD_depth_clamp_separate GL_AMD_draw_buffers_blend GL_AMD_gpu_shader_int64 GL_AMD_multi_draw_indirect GL_AMD_performance_monitor GL_AMD_pinned_memory GL_AMD_query_buffer_object GL_AMD_seamless_cubemap_per_texture GL_AMD_shader_stencil_export GL_AMD_shader_trinary_minmax GL_AMD_texture_texture4 GL_AMD_vertex_shader_layer GL_AMD_vertex_shader_viewport_index GL_ANGLE_texture_compression_dxt3 GL_ANGLE_texture_compression_dxt5 GL_ARB_ES2_compatibility GL_ARB_ES3_1_compatibility GL_ARB_ES3_2_compatibility GL_ARB_ES3_compatibility GL_ARB_arrays_of_arrays GL_ARB_base_instance GL_ARB_blend_func_extended GL_ARB_buffer_storage GL_ARB_clear_buffer_object GL_ARB_clear_texture GL_ARB_clip_control GL_ARB_compressed_texture_pixel_storage GL_ARB_compute_shader GL_ARB_compute_variable_group_size GL_ARB_conditional_render_inverted GL_ARB_conservative_depth GL_ARB_copy_buffer GL_ARB_copy_image GL_ARB_cull_distance GL_ARB_debug_output GL_ARB_depth_buffer_float GL_ARB
_depth_clamp GL_ARB_derivative_control GL_ARB_direct_state_access GL_ARB_draw_buffers GL_ARB_draw_buffers_blend GL_ARB_draw_elements_base_vertex GL_ARB_draw_indirect GL_ARB_draw_instanced GL_ARB_enhanced_layouts GL_ARB_explicit_attrib_location GL_ARB_explicit_uniform_location GL_ARB_fragment_coord_conventions GL_ARB_fragment_layer_viewport GL_ARB_fragment_shader GL_ARB_fragment_shader_interlock GL_ARB_framebuffer_no_attachments GL_ARB_framebuffer_object GL_ARB_framebuffer_sRGB GL_ARB_get_program_binary GL_ARB_get_texture_sub_image GL_ARB_gl_spirv GL_ARB_gpu_shader5 GL_ARB_gpu_shader_fp64 GL_ARB_gpu_shader_int64 GL_ARB_half_float_pixel GL_ARB_half_float_vertex GL_ARB_indirect_parameters GL_ARB_instanced_arrays GL_ARB_internalformat_query GL_ARB_internalformat_query2 GL_ARB_invalidate_subdata GL_ARB_map_buffer_alignment GL_ARB_map_buffer_range GL_ARB_multi_bind GL_ARB_multi_draw_indirect GL_ARB_occlusion_query2 GL_ARB_parallel_shader_compile GL_ARB_pipeline_statistics_query GL_ARB_pixel_buffer_object GL_ARB_po
int_sprite GL_ARB_polygon_offset_clamp GL_ARB_post_depth_coverage GL_ARB_program_interface_query GL_ARB_provoking_vertex GL_ARB_query_buffer_object GL_ARB_robust_buffer_access_behavior GL_ARB_robustness GL_ARB_sample_shading GL_ARB_sampler_objects GL_ARB_seamless_cube_map GL_ARB_seamless_cubemap_per_texture GL_ARB_separate_shader_objects GL_ARB_shader_atomic_counter_ops GL_ARB_shader_atomic_counters GL_ARB_shader_ballot GL_ARB_shader_bit_encoding GL_ARB_shader_clock GL_ARB_shader_draw_parameters GL_ARB_shader_group_vote GL_ARB_shader_image_load_store GL_ARB_shader_image_size GL_ARB_shader_objects GL_ARB_shader_precision GL_ARB_shader_stencil_export GL_ARB_shader_storage_buffer_object GL_ARB_shader_subroutine GL_ARB_shader_texture_image_samples GL_ARB_shader_texture_lod GL_ARB_shader_viewport_layer_array GL_ARB_shading_language_420pack GL_ARB_shading_language_include GL_ARB_shading_language_packing GL_ARB_spirv_extensions GL_ARB_stencil_texturing GL_ARB_sync GL_ARB_tessellation_shader GL_ARB_texture_barrier G
L_ARB_texture_buffer_object GL_ARB_texture_buffer_object_rgb32 GL_ARB_texture_buffer_range GL_ARB_texture_compression_bptc GL_ARB_texture_compression_rgtc GL_ARB_texture_cube_map_array GL_ARB_texture_filter_anisotropic GL_ARB_texture_float GL_ARB_texture_gather GL_ARB_texture_mirror_clamp_to_edge GL_ARB_texture_multisample GL_ARB_texture_non_power_of_two GL_ARB_texture_query_levels GL_ARB_texture_query_lod GL_ARB_texture_rectangle GL_ARB_texture_rg GL_ARB_texture_rgb10_a2ui GL_ARB_texture_stencil8 GL_ARB_texture_storage GL_ARB_texture_storage_multisample GL_ARB_texture_swizzle GL_ARB_texture_view GL_ARB_timer_query GL_ARB_transform_feedback2 GL_ARB_transform_feedback3 GL_ARB_transform_feedback_instanced GL_ARB_transform_feedback_overflow_query GL_ARB_uniform_buffer_object GL_ARB_vertex_array_bgra GL_ARB_vertex_array_object GL_ARB_vertex_attrib_64bit GL_ARB_vertex_attrib_binding GL_ARB_vertex_buffer_object GL_ARB_vertex_shader GL_ARB_vertex_type_10f_11f_11f_rev GL_ARB_vertex_type_2_10_10_10_rev GL_ARB_viewpor
t_array GL_ATI_blend_equation_separate GL_ATI_texture_float GL_EXT_EGL_image_storage GL_EXT_EGL_sync GL_EXT_abgr GL_EXT_blend_equation_separate GL_EXT_demote_to_helper_invocation GL_EXT_depth_bounds_test GL_EXT_draw_buffers2 GL_EXT_draw_instanced GL_EXT_framebuffer_blit GL_EXT_framebuffer_multisample GL_EXT_framebuffer_multisample_blit_scaled GL_EXT_framebuffer_object GL_EXT_framebuffer_sRGB GL_EXT_memory_object GL_EXT_memory_object_fd GL_EXT_packed_depth_stencil GL_EXT_packed_float GL_EXT_pixel_buffer_object GL_EXT_polygon_offset_clamp GL_EXT_provoking_vertex GL_EXT_semaphore GL_EXT_semaphore_fd GL_EXT_shader_framebuffer_fetch GL_EXT_shader_framebuffer_fetch_non_coherent GL_EXT_shader_integer_mix GL_EXT_shader_samples_identical GL_EXT_texture_array GL_EXT_texture_compression_dxt1 GL_EXT_texture_compression_rgtc GL_EXT_texture_compression_s3tc GL_EXT_texture_filter_anisotropic GL_EXT_texture_integer GL_EXT_texture_sRGB GL_EXT_texture_sRGB_R8 GL_EXT_texture_sRGB_decode GL_EXT_texture_shadow_lod GL_EXT_texture
_shared_exponent GL_EXT_texture_snorm GL_EXT_texture_swizzle GL_EXT_timer_query GL_EXT_transform_feedback GL_EXT_vertex_array_bgra GL_EXT_vertex_attrib_64bit GL_IBM_multimode_draw_arrays GL_INTEL_blackhole_render GL_INTEL_conservative_rasterization GL_INTEL_performance_query GL_INTEL_shader_atomic_float_minmax GL_INTEL_shader_integer_functions2 GL_KHR_blend_equation_advanced GL_KHR_blend_equation_advanced_coherent GL_KHR_context_flush_control GL_KHR_debug GL_KHR_no_error GL_KHR_parallel_shader_compile GL_KHR_robust_buffer_access_behavior GL_KHR_robustness GL_KHR_texture_compression_astc_ldr GL_KHR_texture_compression_astc_sliced_3d GL_MESA_framebuffer_flip_y GL_MESA_pack_invert GL_MESA_shader_integer_functions GL_MESA_texture_signed_rgba GL_NV_compute_shader_derivatives GL_NV_conditional_render GL_NV_copy_image GL_NV_depth_clamp GL_NV_fragment_shader_interlock GL_NV_packed_depth_stencil GL_NV_texture_barrier GL_OES_EGL_image GL_S3_s3tc
OPENGL LOG: Creating OpenGL 4.6 graphics device ; Context level  <OpenGL 4.5> ; Context handle 1109877248
../src/intel/isl/isl.c:2220: FINISHME: ../src/intel/isl/isl.c:isl_surf_supports_ccs: CCS for 3D textures is disabled, but a workaround is available.
Initialize mono
Mono path[0] = '/home/thatsaud/Unity/Hub/Editor/2021.3.19f1/Editor/Data/Managed'
Mono path[1] = '/home/thatsaud/Unity/Hub/Editor/2021.3.19f1/Editor/Data/MonoBleedingEdge/lib/mono/unityjit-linux'
Mono config path = '/home/thatsaud/Unity/Hub/Editor/2021.3.19f1/Editor/Data/MonoBleedingEdge/etc'
Using monoOptions --debugger-agent=transport=dt_socket,embedding=1,server=y,suspend=n,address=127.0.0.1:56658
Begin MonoManager ReloadAssembly
Registering precompiled unity dll's ...
Register platform support module: /home/thatsaud/Unity/Hub/Editor/2021.3.19f1/Editor/Data/PlaybackEngines/AndroidPlayer/UnityEditor.Android.Extensions.dll
Register platform support module: /home/thatsaud/Unity/Hub/Editor/2021.3.19f1/Editor/Data/PlaybackEngines/iOSSupport/UnityEditor.iOS.Extensions.dll
Register platform support module: /home/thatsaud/Unity/Hub/Editor/2021.3.19f1/Editor/Data/PlaybackEngines/LinuxStandaloneSupport/UnityEditor.LinuxStandalone.Extensions.dll
Registered in 0.003337 seconds.
Native extension for LinuxStandalone target not found
[usbmuxd] Start listen thread
[usbmuxd] Listen thread started
Native extension for iOS target not found
Native extension for Android target not found
Android Extension - Scanning For ADB Devices 135 ms
Refreshing native plugins compatible for Editor in 61.96 ms, found 0 plugins.
Preloading 0 native plugins for Editor in 0.00 ms.
Mono: successfully reloaded assembly
- Completed reload, in  0.534 seconds
Domain Reload Profiling:
	ReloadAssembly (534ms)
		BeginReloadAssembly (33ms)
			ExecutionOrderSort (0ms)
			DisableScriptedObjects (0ms)
			BackupInstance (0ms)
			ReleaseScriptingObjects (0ms)
			CreateAndSetChildDomain (0ms)
		EndReloadAssembly (436ms)
			LoadAssemblies (32ms)
			RebuildTransferFunctionScriptingTraits (0ms)
			SetupTypeCache (65ms)
			ReleaseScriptCaches (0ms)
			RebuildScriptCaches (17ms)
			SetupLoadedEditorAssemblies (323ms)
				LogAssemblyErrors (0ms)
				InitializePlatformSupportModulesInManaged (183ms)
				SetLoadedEditorAssemblies (0ms)
				RefreshPlugins (62ms)
				BeforeProcessingInitializeOnLoad (1ms)
				ProcessInitializeOnLoadAttributes (51ms)
				ProcessInitializeOnLoadMethodAttributes (25ms)
				AfterProcessingInitializeOnLoad (0ms)
				EditorAssembliesLoaded (0ms)
			ExecutionOrderSort2 (0ms)
			AwakeInstancesAfterBackupRestoration (0ms)
Platform modules already initialized, skipping
Registering precompiled user dll's ...
Registered in 0.003135 seconds.
Begin MonoManager ReloadAssembly
Symbol file LoadedFromMemory doesn't match image /home/thatsaud/AR Project/Library/PackageCache/com.unity.visualscripting@1.8.0/Editor/VisualScripting.Core/Dependencies/DotNetZip/Unity.VisualScripting.IonicZip.dll
Symbol file LoadedFromMemory doesn't match image /home/thatsaud/AR Project/Library/PackageCache/com.unity.visualscripting@1.8.0/Editor/VisualScripting.Core/Dependencies/YamlDotNet/Unity.VisualScripting.YamlDotNet.dll
Native extension for LinuxStandalone target not found
Native extension for iOS target not found
Native extension for Android target not found
Refreshing native plugins compatible for Editor in 64.59 ms, found 0 plugins.
Preloading 0 native plugins for Editor in 0.00 ms.
Package Manager log level set to [2]
Mono: successfully reloaded assembly
- Completed reload, in  0.798 seconds
Domain Reload Profiling:
	ReloadAssembly (798ms)
		BeginReloadAssembly (61ms)
			ExecutionOrderSort (0ms)
			DisableScriptedObjects (4ms)
			BackupInstance (0ms)
			ReleaseScriptingObjects (0ms)
			CreateAndSetChildDomain (17ms)
		EndReloadAssembly (663ms)
			LoadAssemblies (42ms)
			RebuildTransferFunctionScriptingTraits (0ms)
			SetupTypeCache (191ms)
			ReleaseScriptCaches (1ms)
			RebuildScriptCaches (43ms)
			SetupLoadedEditorAssemblies (338ms)
				LogAssemblyErrors (0ms)
				InitializePlatformSupportModulesInManaged (17ms)
				SetLoadedEditorAssemblies (0ms)
				RefreshPlugins (65ms)
				BeforeProcessingInitializeOnLoad (63ms)
				ProcessInitializeOnLoadAttributes (177ms)
				ProcessInitializeOnLoadMethodAttributes (13ms)
				AfterProcessingInitializeOnLoad (4ms)
				EditorAssembliesLoaded (0ms)
			ExecutionOrderSort2 (0ms)
			AwakeInstancesAfterBackupRestoration (2ms)
Platform modules already initialized, skipping
========================================================================
Worker process is ready to serve import requests
Launched and connected shader compiler UnityShaderCompiler after 0.01 seconds
Refreshing native plugins compatible for Editor in 0.68 ms, found 0 plugins.
Preloading 0 native plugins for Editor in 0.00 ms.
Unloading 4254 Unused Serialized files (Serialized files now loaded: 0)
Unloading 57 unused Assets / (109.8 KB). Loaded Objects now: 4817.
Memory consumption went from 152.9 MB to 152.8 MB.
Total: 3.491417 ms (FindLiveObjects: 0.246353 ms CreateObjectMapping: 0.146075 ms MarkObjects: 2.866920 ms  DeleteObjects: 0.231171 ms)

AssetImportParameters requested are different than current active one (requested -> active):
  custom:video-decoder-ogg-theora: a1e56fd34408186e4bbccfd4996cb3dc -> 
  custom:container-muxer-webm: aa71ff27fc2769a1b78a27578f13a17b -> 
  custom:container-demuxer-webm: 4f35f7cbe854078d1ac9338744f61a02 -> 
  custom:video-encoder-webm-vp8: eb34c28f22e8b96e1ab97ce403110664 -> 
  custom:audio-encoder-webm-vorbis: bf7c407c2cedff20999df2af8eb42d56 -> 
  custom:container-demuxer-ogg: 62fdf1f143b41e24485cea50d1cbac27 -> 
  custom:video-decoder-webm-vp8: 9c59270c3fd7afecdb556c50c9e8de78 -> 
  custom:audio-decoder-ogg-vorbis: bf7c407c2cedff20999df2af8eb42d56 -> 
========================================================================
Received Import Request.
  Time since last request: 75099.277094 seconds.
  path: Assets/EasyRoads3D/Editor/EasyRoads3Dv3Editor.dll
  artifactKey: Guid(7230513edc2621d43b0be9dc3f104aae) Importer(815301076,1909f56bfc062723c751e8b465ee728b)
Start importing Assets/EasyRoads3D/Editor/EasyRoads3Dv3Editor.dll using Guid(7230513edc2621d43b0be9dc3f104aae) Importer(815301076,1909f56bfc062723c751e8b465ee728b)  -> (artifact id: '5b220167993d85666d90807a182d4780') in 0.007401 seconds 
========================================================================
Received Import Request.
  Time since last request: 6.256298 seconds.
  path: Assets/EasyRoads3D/images/alder.jpg
  artifactKey: Guid(96df9d822546cab4ea18f23172572438) Importer(815301076,1909f56bfc062723c751e8b465ee728b)
Start importing Assets/EasyRoads3D/images/alder.jpg using Guid(96df9d822546cab4ea18f23172572438) Importer(815301076,1909f56bfc062723c751e8b465ee728b)  -> (artifact id: '978502f263f4a9aea1a1a6c3e490b5a6') in 0.029074 seconds 
========================================================================
Received Import Request.
  Time since last request: 0.001003 seconds.
  path: Assets/EasyRoads3D/images/autoGenerateTunnels.jpg
  artifactKey: Guid(3e58f7bcc2050c34aa66101e5b7e4fcd) Importer(815301076,1909f56bfc062723c751e8b465ee728b)
Start importing Assets/EasyRoads3D/images/autoGenerateTunnels.jpg using Guid(3e58f7bcc2050c34aa66101e5b7e4fcd) Importer(815301076,1909f56bfc062723c751e8b465ee728b)  -> (artifact id: '12cd6bad5fb7020427cc56d7b94fb248') in 0.003907 seconds 
========================================================================
Received Import Request.
  Time since last request: 0.000015 seconds.
  path: Assets/EasyRoads3D/images/crossing.jpg
  artifactKey: Guid(98468fd426464e94c86436692777419e) Importer(815301076,1909f56bfc062723c751e8b465ee728b)
Start importing Assets/EasyRoads3D/images/crossing.jpg using Guid(98468fd426464e94c86436692777419e) Importer(815301076,1909f56bfc062723c751e8b465ee728b)  -> (artifact id: '294d0a8c99042e104a6e2e8827a3cebc') in 0.003661 seconds 
========================================================================
Received Import Request.
  Time since last request: 0.000016 seconds.
  path: Assets/EasyRoads3D/images/defaultMaterials.jpg
  artifactKey: Guid(cb146099f07b7a246bcf040394219331) Importer(815301076,1909f56bfc062723c751e8b465ee728b)
Start importing Assets/EasyRoads3D/images/defaultMaterials.jpg using Guid(cb146099f07b7a246bcf040394219331) Importer(815301076,1909f56bfc062723c751e8b465ee728b)  -> (artifact id: 'c5a18c1db207085f563b84d3247b1af6') in 0.003535 seconds 
========================================================================
Received Import Request.
  Time since last request: 0.000020 seconds.
  path: Assets/EasyRoads3D/images/newRoad.jpg
  artifactKey: Guid(de23f9cf1bf446a4782d9f371e7d8d6e) Importer(815301076,1909f56bfc062723c751e8b465ee728b)
Start importing Assets/EasyRoads3D/images/newRoad.jpg using Guid(de23f9cf1bf446a4782d9f371e7d8d6e) Importer(815301076,1909f56bfc062723c751e8b465ee728b)  -> (artifact id: 'e8afb03b29642dc35e6dd1af880c3732') in 0.003399 seconds 
========================================================================
Received Import Request.
  Time since last request: 0.000013 seconds.
  path: Assets/EasyRoads3D/images/nextBtm.jpg
  artifactKey: Guid(2d8f2a2bcba149045bcd9d7ace269a0c) Importer(815301076,1909f56bfc062723c751e8b465ee728b)
Start importing Assets/EasyRoads3D/images/nextBtm.jpg using Guid(2d8f2a2bcba149045bcd9d7ace269a0c) Importer(815301076,1909f56bfc062723c751e8b465ee728b)  -> (artifact id: '1f6c1d678bd2d28c483ffb8d06f48abd') in 0.003584 seconds 
========================================================================
Received Import Request.
  Time since last request: 0.000016 seconds.
  path: Assets/EasyRoads3D/images/shapeEditor.jpg
  artifactKey: Guid(0021c2c8070b2ce4eb752b757fe4e309) Importer(815301076,1909f56bfc062723c751e8b465ee728b)
Start importing Assets/EasyRoads3D/images/shapeEditor.jpg using Guid(0021c2c8070b2ce4eb752b757fe4e309) Importer(815301076,1909f56bfc062723c751e8b465ee728b)  -> (artifact id: '0956f76c08ba6b15b935bc30dd49882a') in 0.004086 seconds 
========================================================================
Received Import Request.
  Time since last request: 0.000016 seconds.
  path: Assets/EasyRoads3D/images/loaderGIFNEW.gif
  artifactKey: Guid(fbd7a7583ce20a94f8d8fa1afcf513a3) Importer(815301076,1909f56bfc062723c751e8b465ee728b)
Start importing Assets/EasyRoads3D/images/loaderGIFNEW.gif using Guid(fbd7a7583ce20a94f8d8fa1afcf513a3) Importer(815301076,1909f56bfc062723c751e8b465ee728b)  -> (artifact id: 'dd12c539cb44d2664a84f3a17d3c39e2') in 0.004313 seconds 
========================================================================
Received Import Request.
  Time since last request: 0.000013 seconds.
  path: Assets/EasyRoads3D/images/CrossingsInspector.jpg
  artifactKey: Guid(338cb6b49f5fc8b469bbf8fef842e3bb) Importer(815301076,1909f56bfc062723c751e8b465ee728b)
Start importing Assets/EasyRoads3D/images/CrossingsInspector.jpg using Guid(338cb6b49f5fc8b469bbf8fef842e3bb) Importer(815301076,1909f56bfc062723c751e8b465ee728b)  -> (artifact id: '83e93afd257c71338c913cecced9e069') in 0.005295 seconds 
========================================================================
Received Import Request.
  Time since last request: 0.000024 seconds.
  path: Assets/EasyRoads3D/images/mainToolbar.jpg
  artifactKey: Guid(4454032a23bd83d4d805d6057135ec10) Importer(815301076,1909f56bfc062723c751e8b465ee728b)
Start importing Assets/EasyRoads3D/images/mainToolbar.jpg using Guid(4454032a23bd83d4d805d6057135ec10) Importer(815301076,1909f56bfc062723c751e8b465ee728b)  -> (artifact id: 'efd400e648d923380f7eed468b55a420') in 0.004038 seconds 
========================================================================
Received Import Request.
  Time since last request: 0.000013 seconds.
  path: Assets/EasyRoads3D/images/greenRedHandles.jpg
  artifactKey: Guid(994ae06ff98d5f245b11547d9ebdc4f3) Importer(815301076,1909f56bfc062723c751e8b465ee728b)
Start importing Assets/EasyRoads3D/images/greenRedHandles.jpg using Guid(994ae06ff98d5f245b11547d9ebdc4f3) Importer(815301076,1909f56bfc062723c751e8b465ee728b)  -> (artifact id: 'e499216ea4e37f81a188eb3684f2adf7') in 0.003850 seconds 
========================================================================
Received Import Request.
  Time since last request: 0.000015 seconds.
  path: Assets/EasyRoads3D/images/roads_tab.jpg
  artifactKey: Guid(1162329ec37b7f9498fb6dd5eb9593ef) Importer(815301076,1909f56bfc062723c751e8b465ee728b)
Start importing Assets/EasyRoads3D/images/roads_tab.jpg using Guid(1162329ec37b7f9498fb6dd5eb9593ef) Importer(815301076,1909f56bfc062723c751e8b465ee728b)  -> (artifact id: 'd28de09d9e91968e7320c85f9ac52551') in 0.003927 seconds 
========================================================================
Received Import Request.
  Time since last request: 0.000014 seconds.
  path: Assets/EasyRoads3D/images/sideobjects_start.jpg
  artifactKey: Guid(26ad25cc9fba44045a08f164818a5ccb) Importer(815301076,1909f56bfc062723c751e8b465ee728b)
Start importing Assets/EasyRoads3D/images/sideobjects_start.jpg using Guid(26ad25cc9fba44045a08f164818a5ccb) Importer(815301076,1909f56bfc062723c751e8b465ee728b)  -> (artifact id: '6a223e7db87702e10b2ab542cc6ab3c1') in 0.003483 seconds 
========================================================================
Received Import Request.
  Time since last request: 0.000015 seconds.
  path: Assets/EasyRoads3D/images/generalCrossingSettings.jpg
  artifactKey: Guid(84cadde5025afde4e9cfb352f013591f) Importer(815301076,1909f56bfc062723c751e8b465ee728b)
Start importing Assets/EasyRoads3D/images/generalCrossingSettings.jpg using Guid(84cadde5025afde4e9cfb352f013591f) Importer(815301076,1909f56bfc062723c751e8b465ee728b)  -> (artifact id: '0ca7019f5982eb066986b4353bc08977') in 0.005953 seconds 
========================================================================
Received Import Request.
  Time since last request: 0.000015 seconds.
  path: Assets/EasyRoads3D/images/scene_settings.jpg
  artifactKey: Guid(24eba2c181f81634dbaecf7963db071e) Importer(815301076,1909f56bfc062723c751e8b465ee728b)
Start importing Assets/EasyRoads3D/images/scene_settings.jpg using Guid(24eba2c181f81634dbaecf7963db071e) Importer(815301076,1909f56bfc062723c751e8b465ee728b)  -> (artifact id: '7317eb09423c6f3bda816471802a2b08') in 0.004401 seconds 
========================================================================
Received Import Request.
  Time since last request: 0.000021 seconds.
  path: Assets/EasyRoads3D/images/customConnectorInspector.jpg
  artifactKey: Guid(036a3de868b47e34eb0ed2c2ff6b9944) Importer(815301076,1909f56bfc062723c751e8b465ee728b)
Start importing Assets/EasyRoads3D/images/customConnectorInspector.jpg using Guid(036a3de868b47e34eb0ed2c2ff6b9944) Importer(815301076,1909f56bfc062723c751e8b465ee728b)  -> (artifact id: '83d465fe9bf427437232c101eff44c32') in 0.006301 seconds 
========================================================================
Received Import Request.
  Time since last request: 0.000013 seconds.
  path: Assets/EasyRoads3D/images/markerAdditional.jpg
  artifactKey: Guid(69376968eadf3994da2e7b0c686b6bab) Importer(815301076,1909f56bfc062723c751e8b465ee728b)
Start importing Assets/EasyRoads3D/images/markerAdditional.jpg using Guid(69376968eadf3994da2e7b0c686b6bab) Importer(815301076,1909f56bfc062723c751e8b465ee728b)  -> (artifact id: '518930c29615ced073373e8d1e4bad2c') in 0.005541 seconds 
========================================================================
Received Import Request.
  Time since last request: 0.000014 seconds.
  path: Assets/EasyRoads3D/images/folders.jpg
  artifactKey: Guid(bd6b0c8578de25e41a31daa3a7fd4dc1) Importer(815301076,1909f56bfc062723c751e8b465ee728b)
Start importing Assets/EasyRoads3D/images/folders.jpg using Guid(bd6b0c8578de25e41a31daa3a7fd4dc1) Importer(815301076,1909f56bfc062723c751e8b465ee728b)  -> (artifact id: '74f62d506074fd96842be750148d71fe') in 0.007143 seconds 
========================================================================
Received Import Request.
  Time since last request: 0.000015 seconds.
  path: Assets/EasyRoads3D/images/createnetwork.jpg
  artifactKey: Guid(88eabd41650c6df44b5eb9ca7fe78417) Importer(815301076,1909f56bfc062723c751e8b465ee728b)
Start importing Assets/EasyRoads3D/images/createnetwork.jpg using Guid(88eabd41650c6df44b5eb9ca7fe78417) Importer(815301076,1909f56bfc062723c751e8b465ee728b)  -> (artifact id: '1e481e095b7bbf294dc25abc0ff5c235') in 0.005218 seconds 
========================================================================
Received Import Request.
  Time since last request: 0.000014 seconds.
  path: Assets/EasyRoads3D/images/so_tab.jpg
  artifactKey: Guid(a8044c805cb553e4eba83c4950509e98) Importer(815301076,1909f56bfc062723c751e8b465ee728b)
Start importing Assets/EasyRoads3D/images/so_tab.jpg using Guid(a8044c805cb553e4eba83c4950509e98) Importer(815301076,1909f56bfc062723c751e8b465ee728b)  -> (artifact id: '8e670825952ea2c45aaeb2c925dbb60e') in 0.005437 seconds 
========================================================================
Received Import Request.
  Time since last request: 0.000017 seconds.
  path: Assets/EasyRoads3D/images/IConnectorBlend.jpg
  artifactKey: Guid(be30d8b84f258ed44ac108d5a5ddb530) Importer(815301076,1909f56bfc062723c751e8b465ee728b)
Start importing Assets/EasyRoads3D/images/IConnectorBlend.jpg using Guid(be30d8b84f258ed44ac108d5a5ddb530) Importer(815301076,1909f56bfc062723c751e8b465ee728b)  -> (artifact id: '4621971bb1293f075f7a603c592f34c9') in 0.011656 seconds 
========================================================================
Received Import Request.
  Time since last request: 0.000026 seconds.
  path: Assets/EasyRoads3D/images/roadSettingsLess.jpg
  artifactKey: Guid(18e8a1608a4119b4a865bc2097f897ea) Importer(815301076,1909f56bfc062723c751e8b465ee728b)
Start importing Assets/EasyRoads3D/images/roadSettingsLess.jpg using Guid(18e8a1608a4119b4a865bc2097f897ea) Importer(815301076,1909f56bfc062723c751e8b465ee728b)  -> (artifact id: '97a4c83a17bf2b3bb29067ea9b40e57d') in 0.010357 seconds 
========================================================================
Received Import Request.
  Time since last request: 0.000016 seconds.
  path: Assets/EasyRoads3D/images/meshBridge.jpg
  artifactKey: Guid(4230ab3ca1485a74f905fa5b1bb3e179) Importer(815301076,1909f56bfc062723c751e8b465ee728b)
Start importing Assets/EasyRoads3D/images/meshBridge.jpg using Guid(4230ab3ca1485a74f905fa5b1bb3e179) Importer(815301076,1909f56bfc062723c751e8b465ee728b)  -> (artifact id: 'b0fd6d19953d910d4f26e0090a60ff67') in 0.003254 seconds 
========================================================================
Received Import Request.
  Time since last request: 0.000013 seconds.
  path: Assets/EasyRoads3D/images/previousTop.jpg
  artifactKey: Guid(85add87792d6f3b4abd6f67cd031a1f1) Importer(815301076,1909f56bfc062723c751e8b465ee728b)
Start importing Assets/EasyRoads3D/images/previousTop.jpg using Guid(85add87792d6f3b4abd6f67cd031a1f1) Importer(815301076,1909f56bfc062723c751e8b465ee728b)  -> (artifact id: '8a270ac90df60dbd38c160256160cbe1') in 0.003330 seconds 
========================================================================
Received Import Request.
  Time since last request: 0.000015 seconds.
  path: Assets/EasyRoads3D/images/generalSettings_tab.jpg
  artifactKey: Guid(c8ca27d102fcbce448a6fccdb0214c2f) Importer(815301076,1909f56bfc062723c751e8b465ee728b)
Start importing Assets/EasyRoads3D/images/generalSettings_tab.jpg using Guid(c8ca27d102fcbce448a6fccdb0214c2f) Importer(815301076,1909f56bfc062723c751e8b465ee728b)  -> (artifact id: 'c722a33238b12ea0f12cfa619520e919') in 0.003012 seconds 
========================================================================
Received Import Request.
  Time since last request: 0.000014 seconds.
  path: Assets/EasyRoads3D/images/namingConventionStartEnd.jpg
  artifactKey: Guid(238941481cb0680418d2f0794143fcd3) Importer(815301076,1909f56bfc062723c751e8b465ee728b)
Start importing Assets/EasyRoads3D/images/namingConventionStartEnd.jpg using Guid(238941481cb0680418d2f0794143fcd3) Importer(815301076,1909f56bfc062723c751e8b465ee728b)  -> (artifact id: 'eaf6ad4da6b5b168a5bdaf096d3e421b') in 0.003433 seconds 
========================================================================
Received Import Request.
  Time since last request: 0.000014 seconds.
  path: Assets/EasyRoads3D/images/autoGenerateWalls.jpg
  artifactKey: Guid(9e1bf9f658b91bc4bbbafaa6986f57ba) Importer(815301076,1909f56bfc062723c751e8b465ee728b)
Start importing Assets/EasyRoads3D/images/autoGenerateWalls.jpg using Guid(9e1bf9f658b91bc4bbbafaa6986f57ba) Importer(815301076,1909f56bfc062723c751e8b465ee728b)  -> (artifact id: '0fcfd85b072ed6e709df1a132706a7a7') in 0.003147 seconds 
========================================================================
Received Import Request.
  Time since last request: 0.000015 seconds.
  path: Assets/EasyRoads3D/images/spacer.GIF
  artifactKey: Guid(96bf07a22dc1de6438990e398c8d7157) Importer(815301076,1909f56bfc062723c751e8b465ee728b)
Start importing Assets/EasyRoads3D/images/spacer.GIF using Guid(96bf07a22dc1de6438990e398c8d7157) Importer(815301076,1909f56bfc062723c751e8b465ee728b)  -> (artifact id: 'ca8427262b4d4abf30202cee17c5d234') in 0.002812 seconds 
========================================================================
Received Import Request.
  Time since last request: 5.706684 seconds.
  path: Assets/EasyRoads3D/lib/EasyRoads3Dv3.dll
  artifactKey: Guid(f56d46228aee4734f9114056c53bb57e) Importer(815301076,1909f56bfc062723c751e8b465ee728b)
Start importing Assets/EasyRoads3D/lib/EasyRoads3Dv3.dll using Guid(f56d46228aee4734f9114056c53bb57e) Importer(815301076,1909f56bfc062723c751e8b465ee728b)  -> (artifact id: 'b4387a3861889dfbe820ca880a2e6fc3') in 0.000390 seconds 
========================================================================
Received Import Request.
  Time since last request: 1.942568 seconds.
  path: Assets/EasyRoads3D/Resources/ERProjectLog.prefab
  artifactKey: Guid(b2b629637819a1049a5cebc7e93cab52) Importer(815301076,1909f56bfc062723c751e8b465ee728b)
Start importing Assets/EasyRoads3D/Resources/ERProjectLog.prefab using Guid(b2b629637819a1049a5cebc7e93cab52) Importer(815301076,1909f56bfc062723c751e8b465ee728b)  -> (artifact id: 'e1476a45e5119926cbe6c66457a84960') in 0.015940 seconds 
========================================================================
Received Import Request.
  Time since last request: 4.698735 seconds.
  path: Assets/EasyRoads3D/shaders/ER I Connector Blend.shader
  artifactKey: Guid(6ab37172daf563946bb7bc63bc4bdc82) Importer(815301076,1909f56bfc062723c751e8b465ee728b)
Start importing Assets/EasyRoads3D/shaders/ER I Connector Blend.shader using Guid(6ab37172daf563946bb7bc63bc4bdc82) Importer(815301076,1909f56bfc062723c751e8b465ee728b)  -> (artifact id: '03ea5713edbbb8cbed8e8706bba8a8d7') in 0.000583 seconds 
========================================================================
Received Import Request.
  Time since last request: 64.251318 seconds.
  path: Assets/EasyRoads3D/_Readme.txt
  artifactKey: Guid(aa4492bd01fb1f844a64af0c0463599f) Importer(815301076,1909f56bfc062723c751e8b465ee728b)
Start importing Assets/EasyRoads3D/_Readme.txt using Guid(aa4492bd01fb1f844a64af0c0463599f) Importer(815301076,1909f56bfc062723c751e8b465ee728b)  -> (artifact id: '3fc0539bd3082a06ff8a477ef433fc22') in 0.000925 seconds 
========================================================================
Received Import Request.
  Time since last request: 50.654620 seconds.
  path: Assets/EasyRoads3D/prefab meshes/Default T Crossing_dynamic.asset
  artifactKey: Guid(e9632c06beec86940af6c9a1b3a295fe) Importer(815301076,1909f56bfc062723c751e8b465ee728b)
Start importing Assets/EasyRoads3D/prefab meshes/Default T Crossing_dynamic.asset using Guid(e9632c06beec86940af6c9a1b3a295fe) Importer(815301076,1909f56bfc062723c751e8b465ee728b)  -> (artifact id: '3e69158f34e6beb62d5798ada677df80') in 0.039323 seconds 
========================================================================
Received Import Request.
  Time since last request: 0.000014 seconds.
  path: Assets/EasyRoads3D/prefab meshes/Roundabout 4 connections_dynamic.asset
  artifactKey: Guid(8201016becff039428a4e3ee32a16ab3) Importer(815301076,1909f56bfc062723c751e8b465ee728b)
Start importing Assets/EasyRoads3D/prefab meshes/Roundabout 4 connections_dynamic.asset using Guid(8201016becff039428a4e3ee32a16ab3) Importer(815301076,1909f56bfc062723c751e8b465ee728b)  -> (artifact id: '3593b82201cf59c4c7bf0113fda64cb5') in 0.021737 seconds 
========================================================================
Received Import Request.
  Time since last request: 6.439672 seconds.
  path: Assets/EasyRoads3D/prefab sources/_custom prefabs.txt
  artifactKey: Guid(4f23668dce41b624bb83efea00735b2e) Importer(815301076,1909f56bfc062723c751e8b465ee728b)
Start importing Assets/EasyRoads3D/prefab sources/_custom prefabs.txt using Guid(4f23668dce41b624bb83efea00735b2e) Importer(815301076,1909f56bfc062723c751e8b465ee728b)  -> (artifact id: 'fe1ffce2795b1b94ec2a859ac86928e0') in 0.000624 seconds 
========================================================================
Received Import Request.
  Time since last request: 6.669863 seconds.
  path: Assets/EasyRoads3D scenes/Terrain Assets/Terrain Grass/Grass ER.psd
  artifactKey: Guid(2c528fec5d95e4ac28cf46399b887662) Importer(815301076,1909f56bfc062723c751e8b465ee728b)
Start importing Assets/EasyRoads3D scenes/Terrain Assets/Terrain Grass/Grass ER.psd using Guid(2c528fec5d95e4ac28cf46399b887662) Importer(815301076,1909f56bfc062723c751e8b465ee728b)  -> (artifact id: '96829b02e5f93e717ab5d153da347bf1') in 0.004688 seconds 
========================================================================
Received Import Request.
  Time since last request: 21.628739 seconds.
  path: Assets/EasyRoads3D/Resources/Materials
  artifactKey: Guid(ea55c5468697a0743912cabc979d7841) Importer(815301076,1909f56bfc062723c751e8b465ee728b)
Start importing Assets/EasyRoads3D/Resources/Materials using Guid(ea55c5468697a0743912cabc979d7841) Importer(815301076,1909f56bfc062723c751e8b465ee728b)  -> (artifact id: 'e6a4c31616af8714a9d946416d8938b3') in 0.000417 seconds 
========================================================================
Received Import Request.
  Time since last request: 7.844057 seconds.
  path: Assets/EasyRoads3D/Resources/Materials/surfaceMaterial.mat
  artifactKey: Guid(6df83606ee896204ea5f2925b610f5fb) Importer(815301076,1909f56bfc062723c751e8b465ee728b)
Start importing Assets/EasyRoads3D/Resources/Materials/surfaceMaterial.mat using Guid(6df83606ee896204ea5f2925b610f5fb) Importer(815301076,1909f56bfc062723c751e8b465ee728b)  -> (artifact id: '9e8d53d953e124c09f2c93f5e3a020c7') in 0.102106 seconds 
========================================================================
Received Import Request.
  Time since last request: 4.850697 seconds.
  path: Assets/EasyRoads3D/Resources/Materials/sidewalks
  artifactKey: Guid(efb59d00ef93b514fa7123f491e04e38) Importer(815301076,1909f56bfc062723c751e8b465ee728b)
Start importing Assets/EasyRoads3D/Resources/Materials/sidewalks using Guid(efb59d00ef93b514fa7123f491e04e38) Importer(815301076,1909f56bfc062723c751e8b465ee728b)  -> (artifact id: 'c945100c005fd77612c757557ede0b16') in 0.000566 seconds 
========================================================================
Received Import Request.
  Time since last request: 0.106543 seconds.
  path: Assets/EasyRoads3D/Resources/Materials/sidewalks/sidewalk 1.mat
  artifactKey: Guid(fe1905319a1f07a4982c157aa91acc6e) Importer(815301076,1909f56bfc062723c751e8b465ee728b)
Start importing Assets/EasyRoads3D/Resources/Materials/sidewalks/sidewalk 1.mat using Guid(fe1905319a1f07a4982c157aa91acc6e) Importer(815301076,1909f56bfc062723c751e8b465ee728b)  -> (artifact id: '4d1579580ec243e86df6c6f0c460f33f') in 0.007503 seconds 
========================================================================
Received Import Request.
  Time since last request: 2.507397 seconds.
  path: Assets/EasyRoads3D/Resources/Materials/roundabouts
  artifactKey: Guid(70ddd6b88d9e1a34189a2d6eef099b3b) Importer(815301076,1909f56bfc062723c751e8b465ee728b)
Start importing Assets/EasyRoads3D/Resources/Materials/roundabouts using Guid(70ddd6b88d9e1a34189a2d6eef099b3b) Importer(815301076,1909f56bfc062723c751e8b465ee728b)  -> (artifact id: '5d0386cbca44e293ccbcdf0ac10023b2') in 0.000363 seconds 
========================================================================
Received Import Request.
  Time since last request: 0.143537 seconds.
  path: Assets/EasyRoads3D/Resources/Materials/roundabouts/roundabout 2 lane.mat
  artifactKey: Guid(55e19257e99adea4380d1160ee92af9f) Importer(815301076,1909f56bfc062723c751e8b465ee728b)
Start importing Assets/EasyRoads3D/Resources/Materials/roundabouts/roundabout 2 lane.mat using Guid(55e19257e99adea4380d1160ee92af9f) Importer(815301076,1909f56bfc062723c751e8b465ee728b)  -> (artifact id: '81c2816523b3dd6f491b184e5918d19c') in 0.025575 seconds 
========================================================================
Received Import Request.
  Time since last request: 2.609449 seconds.
  path: Assets/EasyRoads3D/Resources/Materials/crossings
  artifactKey: Guid(b919e393598488e4187bbb8bb1aface9) Importer(815301076,1909f56bfc062723c751e8b465ee728b)
Start importing Assets/EasyRoads3D/Resources/Materials/crossings using Guid(b919e393598488e4187bbb8bb1aface9) Importer(815301076,1909f56bfc062723c751e8b465ee728b)  -> (artifact id: '3af58e9cbd736f8c1ed9b06a7d3a1a84') in 0.000394 seconds 
========================================================================
Received Import Request.
  Time since last request: 0.138359 seconds.
  path: Assets/EasyRoads3D/Resources/Materials/crossings/crossing material.mat
  artifactKey: Guid(3c555588afad81d428ad1704d5d015a7) Importer(815301076,1909f56bfc062723c751e8b465ee728b)
Start importing Assets/EasyRoads3D/Resources/Materials/crossings/crossing material.mat using Guid(3c555588afad81d428ad1704d5d015a7) Importer(815301076,1909f56bfc062723c751e8b465ee728b)  -> (artifact id: 'e8af59729853a5c60b65b689a2855455') in 0.011451 seconds 
========================================================================
Received Import Request.
  Time since last request: 1.652967 seconds.
  path: Assets/EasyRoads3D/textures/roads/roadsample_d.jpg
  artifactKey: Guid(ba7da2dfdca9b8144a40f0c1703b81f1) Importer(815301076,1909f56bfc062723c751e8b465ee728b)
Start importing Assets/EasyRoads3D/textures/roads/roadsample_d.jpg using Guid(ba7da2dfdca9b8144a40f0c1703b81f1) Importer(815301076,1909f56bfc062723c751e8b465ee728b)  -> (artifact id: 'f30bc183d114a831ec0df212c948feb8') in 0.003942 seconds 
========================================================================
Received Import Request.
  Time since last request: 0.000012 seconds.
  path: Assets/EasyRoads3D/textures/roads/road_b.jpg
  artifactKey: Guid(dbd66363f37e6534880f241dfae1d06c) Importer(815301076,1909f56bfc062723c751e8b465ee728b)
Start importing Assets/EasyRoads3D/textures/roads/road_b.jpg using Guid(dbd66363f37e6534880f241dfae1d06c) Importer(815301076,1909f56bfc062723c751e8b465ee728b)  -> (artifact id: '002ce5b39a594ec844e423eb2b4c981f') in 0.013593 seconds 
========================================================================
Received Import Request.
  Time since last request: 5.347233 seconds.
  path: Assets/EasyRoads3D/Resources/Materials/roads
  artifactKey: Guid(34f4740a6861c504ca4ac090791ead3e) Importer(815301076,1909f56bfc062723c751e8b465ee728b)
Start importing Assets/EasyRoads3D/Resources/Materials/roads using Guid(34f4740a6861c504ca4ac090791ead3e) Importer(815301076,1909f56bfc062723c751e8b465ee728b)  -> (artifact id: '24a582aae360bbd5c621677fd2b31d82') in 0.000439 seconds 
========================================================================
Received Import Request.
  Time since last request: 0.134326 seconds.
  path: Assets/EasyRoads3D/Resources/Materials/roads/road material.mat
  artifactKey: Guid(f182e2714eb8a714a99ed091081ce16c) Importer(815301076,1909f56bfc062723c751e8b465ee728b)
Start importing Assets/EasyRoads3D/Resources/Materials/roads/road material.mat using Guid(f182e2714eb8a714a99ed091081ce16c) Importer(815301076,1909f56bfc062723c751e8b465ee728b)  -> (artifact id: 'aca28055f282c2091566ec4bad3bbc0b') in 0.013453 seconds 
========================================================================
Received Import Request.
  Time since last request: 0.777827 seconds.
  path: Assets/EasyRoads3D/textures/roads/road2Lane_d.jpg
  artifactKey: Guid(3053b3cd0d018b743af797e9f35407f4) Importer(815301076,1909f56bfc062723c751e8b465ee728b)
Start importing Assets/EasyRoads3D/textures/roads/road2Lane_d.jpg using Guid(3053b3cd0d018b743af797e9f35407f4) Importer(815301076,1909f56bfc062723c751e8b465ee728b)  -> (artifact id: '5207c60ad4ac23236555563085861ffd') in 0.006498 seconds 
========================================================================
Received Import Request.
  Time since last request: 9.409550 seconds.
  path: Assets/EasyRoads3D/Resources/custom prefabs/_custom prefabs.txt
  artifactKey: Guid(32e1b61e88d4c79499c1c1fe6e464846) Importer(815301076,1909f56bfc062723c751e8b465ee728b)
Start importing Assets/EasyRoads3D/Resources/custom prefabs/_custom prefabs.txt using Guid(32e1b61e88d4c79499c1c1fe6e464846) Importer(815301076,1909f56bfc062723c751e8b465ee728b)  -> (artifact id: 'f1cc7a74e834a570bdfab28d9e036af0') in 0.000777 seconds 
========================================================================
Received Import Request.
  Time since last request: 4.950862 seconds.
  path: Assets/EasyRoads3D/Resources/dynamic prefabs/Default T Crossing.prefab
  artifactKey: Guid(89141500ea2b95f488191219f049f7c5) Importer(815301076,1909f56bfc062723c751e8b465ee728b)
Start importing Assets/EasyRoads3D/Resources/dynamic prefabs/Default T Crossing.prefab using Guid(89141500ea2b95f488191219f049f7c5) Importer(815301076,1909f56bfc062723c751e8b465ee728b)  -> (artifact id: '9e96acbef8baf8704989b4b5496245da') in 0.044370 seconds 
========================================================================
Received Import Request.
  Time since last request: 0.000024 seconds.
  path: Assets/EasyRoads3D/Resources/dynamic prefabs/Roundabout 4 connections.prefab
  artifactKey: Guid(9ffc7008938e99440a9171aaacf2d0bd) Importer(815301076,1909f56bfc062723c751e8b465ee728b)
Start importing Assets/EasyRoads3D/Resources/dynamic prefabs/Roundabout 4 connections.prefab using Guid(9ffc7008938e99440a9171aaacf2d0bd) Importer(815301076,1909f56bfc062723c751e8b465ee728b)  -> (artifact id: '6dfce221d849c8c1b6a9d623b0cade08') in 0.024825 seconds 
========================================================================
Received Import Request.
  Time since last request: 5.246817 seconds.
  path: Assets/EasyRoads3D/Resources/dynamic prefabs/Default X Crossing.prefab
  artifactKey: Guid(945a03d9bc818b0409e89d4b48fe8e67) Importer(815301076,1909f56bfc062723c751e8b465ee728b)
Start importing Assets/EasyRoads3D/Resources/dynamic prefabs/Default X Crossing.prefab using Guid(945a03d9bc818b0409e89d4b48fe8e67) Importer(815301076,1909f56bfc062723c751e8b465ee728b)  -> (artifact id: 'e2bc348ba3010dc6fbef425142897a78') in 0.002937 seconds 
========================================================================
Received Import Request.
  Time since last request: 1.366404 seconds.
  path: Assets/EasyRoads3D/Resources/dynamic prefabs/Roundabout 4 connections.prefab
  artifactKey: Guid(9ffc7008938e99440a9171aaacf2d0bd) Importer(815301076,1909f56bfc062723c751e8b465ee728b)
Start importing Assets/EasyRoads3D/Resources/dynamic prefabs/Roundabout 4 connections.prefab using Guid(9ffc7008938e99440a9171aaacf2d0bd) Importer(815301076,1909f56bfc062723c751e8b465ee728b)  -> (artifact id: 'dd4706799d222c8147f1948197d89150') in 0.003582 seconds 
========================================================================
Received Import Request.
  Time since last request: 197.876509 seconds.
  path: Assets/EasyRoads3D/Resources/ERSideObjectsLog.prefab
  artifactKey: Guid(fcfce2af07e63249094af9b2221e9817) Importer(815301076,1909f56bfc062723c751e8b465ee728b)
Start importing Assets/EasyRoads3D/Resources/ERSideObjectsLog.prefab using Guid(fcfce2af07e63249094af9b2221e9817) Importer(815301076,1909f56bfc062723c751e8b465ee728b)  -> (artifact id: '6a134e791e9db59ca744cdc08c788d35') in 0.002657 seconds 
========================================================================
Received Import Request.
  Time since last request: 9.015038 seconds.
  path: Assets/EasyRoads3D/Resources/standard prefabs
  artifactKey: Guid(913e7f10b9048c640b12c1c55d184a26) Importer(815301076,1909f56bfc062723c751e8b465ee728b)
Start importing Assets/EasyRoads3D/Resources/standard prefabs using Guid(913e7f10b9048c640b12c1c55d184a26) Importer(815301076,1909f56bfc062723c751e8b465ee728b)  -> (artifact id: '1e5a329e998a357cb383a0c729290598') in 0.000341 seconds 
========================================================================
Received Import Request.
  Time since last request: 1.475123 seconds.
  path: Assets/EasyRoads3D/Resources/dynamic prefabs
  artifactKey: Guid(5fbeb149f16c99f4fa04aa5179511e75) Importer(815301076,1909f56bfc062723c751e8b465ee728b)
Start importing Assets/EasyRoads3D/Resources/dynamic prefabs using Guid(5fbeb149f16c99f4fa04aa5179511e75) Importer(815301076,1909f56bfc062723c751e8b465ee728b)  -> (artifact id: '85a6e111e4f75c4d48e3d9481bad8510') in 0.000375 seconds 
========================================================================
Received Import Request.
  Time since last request: 2.114250 seconds.
  path: Assets/EasyRoads3D/Resources/standard prefabs/roundabout.prefab
  artifactKey: Guid(d64a68955a9637b4a9d3b294d3675426) Importer(815301076,1909f56bfc062723c751e8b465ee728b)
Start importing Assets/EasyRoads3D/Resources/standard prefabs/roundabout.prefab using Guid(d64a68955a9637b4a9d3b294d3675426) Importer(815301076,1909f56bfc062723c751e8b465ee728b)  -> (artifact id: '4952e045f00246edce5fe707746539bf') in 0.004665 seconds 
========================================================================
Received Prepare
Registering precompiled user dll's ...
Registered in 0.003244 seconds.
Begin MonoManager ReloadAssembly
Symbol file LoadedFromMemory doesn't match image /home/thatsaud/AR Project/Library/PackageCache/com.unity.visualscripting@1.8.0/Editor/VisualScripting.Core/Dependencies/DotNetZip/Unity.VisualScripting.IonicZip.dll
Symbol file LoadedFromMemory doesn't match image /home/thatsaud/AR Project/Library/PackageCache/com.unity.visualscripting@1.8.0/Editor/VisualScripting.Core/Dependencies/YamlDotNet/Unity.VisualScripting.YamlDotNet.dll
Native extension for LinuxStandalone target not found
Native extension for iOS target not found
Native extension for Android target not found
Refreshing native plugins compatible for Editor in 0.63 ms, found 0 plugins.
Preloading 0 native plugins for Editor in 0.00 ms.
Mono: successfully reloaded assembly
- Completed reload, in  0.758 seconds
Domain Reload Profiling:
	ReloadAssembly (759ms)
		BeginReloadAssembly (92ms)
			ExecutionOrderSort (0ms)
			DisableScriptedObjects (2ms)
			BackupInstance (0ms)
			ReleaseScriptingObjects (0ms)
			CreateAndSetChildDomain (34ms)
		EndReloadAssembly (596ms)
			LoadAssemblies (45ms)
			RebuildTransferFunctionScriptingTraits (0ms)
			SetupTypeCache (196ms)
			ReleaseScriptCaches (1ms)
			RebuildScriptCaches (30ms)
			SetupLoadedEditorAssemblies (270ms)
				LogAssemblyErrors (0ms)
				InitializePlatformSupportModulesInManaged (18ms)
				SetLoadedEditorAssemblies (0ms)
				RefreshPlugins (1ms)
				BeforeProcessingInitializeOnLoad (47ms)
				ProcessInitializeOnLoadAttributes (186ms)
				ProcessInitializeOnLoadMethodAttributes (14ms)
				AfterProcessingInitializeOnLoad (4ms)
				EditorAssembliesLoaded (0ms)
			ExecutionOrderSort2 (0ms)
			AwakeInstancesAfterBackupRestoration (3ms)
Platform modules already initialized, skipping
Refreshing native plugins compatible for Editor in 3.49 ms, found 0 plugins.
Preloading 0 native plugins for Editor in 0.00 ms.
Unloading 4384 Unused Serialized files (Serialized files now loaded: 0)
Unloading 49 unused Assets / (178.7 KB). Loaded Objects now: 5046.
Memory consumption went from 159.3 MB to 159.1 MB.
Total: 4.528450 ms (FindLiveObjects: 0.331871 ms CreateObjectMapping: 0.175237 ms MarkObjects: 3.697230 ms  DeleteObjects: 0.322873 ms)

AssetImportParameters requested are different than current active one (requested -> active):
  custom:video-decoder-ogg-theora: a1e56fd34408186e4bbccfd4996cb3dc -> 
  custom:container-muxer-webm: aa71ff27fc2769a1b78a27578f13a17b -> 
  custom:container-demuxer-webm: 4f35f7cbe854078d1ac9338744f61a02 -> 
  custom:video-encoder-webm-vp8: eb34c28f22e8b96e1ab97ce403110664 -> 
  custom:audio-encoder-webm-vorbis: bf7c407c2cedff20999df2af8eb42d56 -> 
  custom:container-demuxer-ogg: 62fdf1f143b41e24485cea50d1cbac27 -> 
  custom:video-decoder-webm-vp8: 9c59270c3fd7afecdb556c50c9e8de78 -> 
  custom:audio-decoder-ogg-vorbis: bf7c407c2cedff20999df2af8eb42d56 -> 
========================================================================
Received Prepare
Registering precompiled user dll's ...
Registered in 0.003153 seconds.
Begin MonoManager ReloadAssembly
Symbol file LoadedFromMemory doesn't match image /home/thatsaud/AR Project/Library/PackageCache/com.unity.visualscripting@1.8.0/Editor/VisualScripting.Core/Dependencies/DotNetZip/Unity.VisualScripting.IonicZip.dll
Symbol file LoadedFromMemory doesn't match image /home/thatsaud/AR Project/Library/PackageCache/com.unity.visualscripting@1.8.0/Editor/VisualScripting.Core/Dependencies/YamlDotNet/Unity.VisualScripting.YamlDotNet.dll
Native extension for LinuxStandalone target not found
Native extension for iOS target not found
Native extension for Android target not found
Refreshing native plugins compatible for Editor in 0.70 ms, found 0 plugins.
Preloading 0 native plugins for Editor in 0.00 ms.
Mono: successfully reloaded assembly
- Completed reload, in  0.767 seconds
Domain Reload Profiling:
	ReloadAssembly (768ms)
		BeginReloadAssembly (94ms)
			ExecutionOrderSort (0ms)
			DisableScriptedObjects (2ms)
			BackupInstance (0ms)
			ReleaseScriptingObjects (0ms)
			CreateAndSetChildDomain (33ms)
		EndReloadAssembly (604ms)
			LoadAssemblies (43ms)
			RebuildTransferFunctionScriptingTraits (0ms)
			SetupTypeCache (195ms)
			ReleaseScriptCaches (1ms)
			RebuildScriptCaches (33ms)
			SetupLoadedEditorAssemblies (280ms)
				LogAssemblyErrors (0ms)
				InitializePlatformSupportModulesInManaged (18ms)
				SetLoadedEditorAssemblies (0ms)
				RefreshPlugins (1ms)
				BeforeProcessingInitializeOnLoad (46ms)
				ProcessInitializeOnLoadAttributes (197ms)
				ProcessInitializeOnLoadMethodAttributes (14ms)
				AfterProcessingInitializeOnLoad (4ms)
				EditorAssembliesLoaded (0ms)
			ExecutionOrderSort2 (0ms)
			AwakeInstancesAfterBackupRestoration (3ms)
Platform modules already initialized, skipping
Refreshing native plugins compatible for Editor in 2.37 ms, found 0 plugins.
Preloading 0 native plugins for Editor in 0.00 ms.
Unloading 4384 Unused Serialized files (Serialized files now loaded: 0)
Unloading 49 unused Assets / (178.7 KB). Loaded Objects now: 5062.
Memory consumption went from 159.3 MB to 159.2 MB.
Total: 3.103693 ms (FindLiveObjects: 0.197120 ms CreateObjectMapping: 0.096049 ms MarkObjects: 2.547862 ms  DeleteObjects: 0.261710 ms)

AssetImportParameters requested are different than current active one (requested -> active):
  custom:video-decoder-ogg-theora: a1e56fd34408186e4bbccfd4996cb3dc -> 
  custom:container-muxer-webm: aa71ff27fc2769a1b78a27578f13a17b -> 
  custom:container-demuxer-webm: 4f35f7cbe854078d1ac9338744f61a02 -> 
  custom:video-encoder-webm-vp8: eb34c28f22e8b96e1ab97ce403110664 -> 
  custom:audio-encoder-webm-vorbis: bf7c407c2cedff20999df2af8eb42d56 -> 
  custom:container-demuxer-ogg: 62fdf1f143b41e24485cea50d1cbac27 -> 
  custom:video-decoder-webm-vp8: 9c59270c3fd7afecdb556c50c9e8de78 -> 
  custom:audio-decoder-ogg-vorbis: bf7c407c2cedff20999df2af8eb42d56 -> 
========================================================================
Received Import Request.
  Time since last request: 1403.709200 seconds.
  path: Assets/EasyRoads3D/Resources/standard prefabs/CubeTimeline.playable
  artifactKey: Guid(d48dacd03d0006039bd2d67bbf30f570) Importer(815301076,1909f56bfc062723c751e8b465ee728b)
Start importing Assets/EasyRoads3D/Resources/standard prefabs/CubeTimeline.playable using Guid(d48dacd03d0006039bd2d67bbf30f570) Importer(815301076,1909f56bfc062723c751e8b465ee728b)  -> (artifact id: 'b164b0af21a07278f82f49e6a40f80ce') in 0.013560 seconds 
========================================================================
Received Import Request.
  Time since last request: 770.679891 seconds.
  path: Packages/com.unity.xr.arfoundation/Materials/DebugFace.mat
  artifactKey: Guid(35bd980c8f2234e3d8b640e25a677d65) Importer(815301076,1909f56bfc062723c751e8b465ee728b)
Start importing Packages/com.unity.xr.arfoundation/Materials/DebugFace.mat using Guid(35bd980c8f2234e3d8b640e25a677d65) Importer(815301076,1909f56bfc062723c751e8b465ee728b)  -> (artifact id: '6b71d823777d8e8944e563fbf7eeaf11') in 0.105275 seconds 
========================================================================
Received Import Request.
  Time since last request: 0.000017 seconds.
  path: Assets/ExampleAssets/Materials/PlacedCubeMat.mat
  artifactKey: Guid(0ce7ca15cd93341beb67396a494cef55) Importer(815301076,1909f56bfc062723c751e8b465ee728b)
Start importing Assets/ExampleAssets/Materials/PlacedCubeMat.mat using Guid(0ce7ca15cd93341beb67396a494cef55) Importer(815301076,1909f56bfc062723c751e8b465ee728b)  -> (artifact id: 'b8b5d7a864ca9772dbdd93ff75c29714') in 0.004521 seconds 
========================================================================
Received Import Request.
  Time since last request: 0.000017 seconds.
  path: Assets/ExampleAssets/Materials/PlaneMat.mat
  artifactKey: Guid(2da0ea038f25a4fa998f183878aedf79) Importer(815301076,1909f56bfc062723c751e8b465ee728b)
Start importing Assets/ExampleAssets/Materials/PlaneMat.mat using Guid(2da0ea038f25a4fa998f183878aedf79) Importer(815301076,1909f56bfc062723c751e8b465ee728b)  -> (artifact id: '7a187a55b77edf61d13734dfbff044ad') in 0.007900 seconds 
========================================================================
Received Import Request.
  Time since last request: 25.563763 seconds.
  path: Assets/EasyRoads3D/Resources/standard prefabs/CubeTimeline.playable
  artifactKey: Guid(d48dacd03d0006039bd2d67bbf30f570) Importer(815301076,1909f56bfc062723c751e8b465ee728b)
Start importing Assets/EasyRoads3D/Resources/standard prefabs/CubeTimeline.playable using Guid(d48dacd03d0006039bd2d67bbf30f570) Importer(815301076,1909f56bfc062723c751e8b465ee728b)  -> (artifact id: '5a28f4a91c2a850025cf8c136f4677bf') in 0.002851 seconds 
