Unity Editor version:    2021.3.19f1 (c9714fde33b6)
Branch:                  2021.3/staging
Build type:              Release
Batch mode:              YES
System name:             Linux
Distro version:          #36~22.04.1-Ubuntu SMP PREEMPT_DYNAMIC Fri Feb 17 15:17:25 UTC 2
Kernel version:          5.19.0-35-generic
Architecture:            x86_64
Available memory:        15711 MB
Using pre-set license
Pro License: YES
Desktop is 1920 x 1080 @ 60 Hz
Initialize udev device monitor.

COMMAND LINE ARGUMENTS:
Unity
-adb2
-batchMode
-noUpm
-name
AssetImportWorker0
-projectPath
/home/thatsaud/AR Project
-logFile
Logs/AssetImportWorker0.log
-srvPort
34909
Successfully changed project path to: /home/thatsaud/AR Project
/home/thatsaud/AR Project
[UnityMemory] Configuration Parameters - Can be set up in boot.config
    "memorysetup-bucket-allocator-granularity=16"
    "memorysetup-bucket-allocator-bucket-count=8"
    "memorysetup-bucket-allocator-block-size=33554432"
    "memorysetup-bucket-allocator-block-count=8"
    "memorysetup-main-allocator-block-size=16777216"
    "memorysetup-thread-allocator-block-size=16777216"
    "memorysetup-gfx-main-allocator-block-size=16777216"
    "memorysetup-gfx-thread-allocator-block-size=16777216"
    "memorysetup-cache-allocator-block-size=4194304"
    "memorysetup-typetree-allocator-block-size=2097152"
    "memorysetup-profiler-bucket-allocator-granularity=16"
    "memorysetup-profiler-bucket-allocator-bucket-count=8"
    "memorysetup-profiler-bucket-allocator-block-size=33554432"
    "memorysetup-profiler-bucket-allocator-block-count=8"
    "memorysetup-profiler-allocator-block-size=16777216"
    "memorysetup-profiler-editor-allocator-block-size=1048576"
    "memorysetup-temp-allocator-size-main=16777216"
    "memorysetup-job-temp-allocator-block-size=2097152"
    "memorysetup-job-temp-allocator-block-size-background=1048576"
    "memorysetup-job-temp-allocator-reduction-small-platforms=262144"
    "memorysetup-temp-allocator-size-background-worker=32768"
    "memorysetup-temp-allocator-size-job-worker=262144"
    "memorysetup-temp-allocator-size-preload-manager=33554432"
    "memorysetup-temp-allocator-size-nav-mesh-worker=65536"
    "memorysetup-temp-allocator-size-audio-worker=65536"
    "memorysetup-temp-allocator-size-cloud-worker=32768"
    "memorysetup-temp-allocator-size-gi-baking-worker=262144"
    "memorysetup-temp-allocator-size-gfx=262144"
Player connection [140680474547072] Host "[IP] 192.168.122.1 [Port] 0 [Flags] 2 [Guid] 1681599242 [EditorId] 1681599242 [Version] 1048832 [Id] LinuxEditor(16,10.34.176.92) [Debug] 1 [PackageName] LinuxEditor [ProjectName] Editor" joined multi-casting on [225.0.0.222:54997]...

Player connection [140680474547072] Host "[IP] 192.168.122.1 [Port] 0 [Flags] 2 [Guid] 1681599242 [EditorId] 1681599242 [Version] 1048832 [Id] LinuxEditor(16,10.34.176.92) [Debug] 1 [PackageName] LinuxEditor [ProjectName] Editor" joined alternative multi-casting on [225.0.0.222:34997]...

Refreshing native plugins compatible for Editor in 70.33 ms, found 0 plugins.
Preloading 0 native plugins for Editor in 0.00 ms.
Initialize engine version: 2021.3.19f1 (c9714fde33b6)
[Subsystems] Discovering subsystems at path /home/thatsaud/Unity/Hub/Editor/2021.3.19f1/Editor/Data/Resources/UnitySubsystems
[Subsystems] Discovering subsystems at path /home/thatsaud/AR Project/Assets
GLX Extensions: GLX_ARB_create_context GLX_ARB_create_context_no_error GLX_ARB_create_context_profile GLX_ARB_create_context_robustness GLX_ARB_fbconfig_float GLX_ARB_framebuffer_sRGB GLX_ARB_get_proc_address GLX_ARB_multisample GLX_EXT_buffer_age GLX_EXT_create_context_es2_profile GLX_EXT_create_context_es_profile GLX_EXT_fbconfig_packed_float GLX_EXT_framebuffer_sRGB GLX_EXT_no_config_context GLX_EXT_swap_control GLX_EXT_swap_control_tear GLX_EXT_texture_from_pixmap GLX_EXT_visual_info GLX_EXT_visual_rating GLX_INTEL_swap_event GLX_MESA_copy_sub_buffer GLX_MESA_query_renderer GLX_MESA_swap_control GLX_OML_swap_method GLX_OML_sync_control GLX_SGIS_multisample GLX_SGIX_fbconfig GLX_SGIX_pbuffer GLX_SGIX_visual_select_group GLX_SGI_make_current_read GLX_SGI_swap_control GLX_SGI_video_sync 
Renderer: Mesa Intel(R) Graphics (ADL GT2)
Vendor:   Intel
Version:  4.6 (Core Profile) Mesa 22.0.5
GLES:     0
 GL_3DFX_texture_compression_FXT1 GL_AMD_conservative_depth GL_AMD_depth_clamp_separate GL_AMD_draw_buffers_blend GL_AMD_gpu_shader_int64 GL_AMD_multi_draw_indirect GL_AMD_performance_monitor GL_AMD_pinned_memory GL_AMD_query_buffer_object GL_AMD_seamless_cubemap_per_texture GL_AMD_shader_stencil_export GL_AMD_shader_trinary_minmax GL_AMD_texture_texture4 GL_AMD_vertex_shader_layer GL_AMD_vertex_shader_viewport_index GL_ANGLE_texture_compression_dxt3 GL_ANGLE_texture_compression_dxt5 GL_ARB_ES2_compatibility GL_ARB_ES3_1_compatibility GL_ARB_ES3_2_compatibility GL_ARB_ES3_compatibility GL_ARB_arrays_of_arrays GL_ARB_base_instance GL_ARB_blend_func_extended GL_ARB_buffer_storage GL_ARB_clear_buffer_object GL_ARB_clear_texture GL_ARB_clip_control GL_ARB_compressed_texture_pixel_storage GL_ARB_compute_shader GL_ARB_compute_variable_group_size GL_ARB_conditional_render_inverted GL_ARB_conservative_depth GL_ARB_copy_buffer GL_ARB_copy_image GL_ARB_cull_distance GL_ARB_debug_output GL_ARB_depth_buffer_float GL_ARB
_depth_clamp GL_ARB_derivative_control GL_ARB_direct_state_access GL_ARB_draw_buffers GL_ARB_draw_buffers_blend GL_ARB_draw_elements_base_vertex GL_ARB_draw_indirect GL_ARB_draw_instanced GL_ARB_enhanced_layouts GL_ARB_explicit_attrib_location GL_ARB_explicit_uniform_location GL_ARB_fragment_coord_conventions GL_ARB_fragment_layer_viewport GL_ARB_fragment_shader GL_ARB_fragment_shader_interlock GL_ARB_framebuffer_no_attachments GL_ARB_framebuffer_object GL_ARB_framebuffer_sRGB GL_ARB_get_program_binary GL_ARB_get_texture_sub_image GL_ARB_gl_spirv GL_ARB_gpu_shader5 GL_ARB_gpu_shader_fp64 GL_ARB_gpu_shader_int64 GL_ARB_half_float_pixel GL_ARB_half_float_vertex GL_ARB_indirect_parameters GL_ARB_instanced_arrays GL_ARB_internalformat_query GL_ARB_internalformat_query2 GL_ARB_invalidate_subdata GL_ARB_map_buffer_alignment GL_ARB_map_buffer_range GL_ARB_multi_bind GL_ARB_multi_draw_indirect GL_ARB_occlusion_query2 GL_ARB_parallel_shader_compile GL_ARB_pipeline_statistics_query GL_ARB_pixel_buffer_object GL_ARB_po
int_sprite GL_ARB_polygon_offset_clamp GL_ARB_post_depth_coverage GL_ARB_program_interface_query GL_ARB_provoking_vertex GL_ARB_query_buffer_object GL_ARB_robust_buffer_access_behavior GL_ARB_robustness GL_ARB_sample_shading GL_ARB_sampler_objects GL_ARB_seamless_cube_map GL_ARB_seamless_cubemap_per_texture GL_ARB_separate_shader_objects GL_ARB_shader_atomic_counter_ops GL_ARB_shader_atomic_counters GL_ARB_shader_ballot GL_ARB_shader_bit_encoding GL_ARB_shader_clock GL_ARB_shader_draw_parameters GL_ARB_shader_group_vote GL_ARB_shader_image_load_store GL_ARB_shader_image_size GL_ARB_shader_objects GL_ARB_shader_precision GL_ARB_shader_stencil_export GL_ARB_shader_storage_buffer_object GL_ARB_shader_subroutine GL_ARB_shader_texture_image_samples GL_ARB_shader_texture_lod GL_ARB_shader_viewport_layer_array GL_ARB_shading_language_420pack GL_ARB_shading_language_include GL_ARB_shading_language_packing GL_ARB_spirv_extensions GL_ARB_stencil_texturing GL_ARB_sync GL_ARB_tessellation_shader GL_ARB_texture_barrier G
L_ARB_texture_buffer_object GL_ARB_texture_buffer_object_rgb32 GL_ARB_texture_buffer_range GL_ARB_texture_compression_bptc GL_ARB_texture_compression_rgtc GL_ARB_texture_cube_map_array GL_ARB_texture_filter_anisotropic GL_ARB_texture_float GL_ARB_texture_gather GL_ARB_texture_mirror_clamp_to_edge GL_ARB_texture_multisample GL_ARB_texture_non_power_of_two GL_ARB_texture_query_levels GL_ARB_texture_query_lod GL_ARB_texture_rectangle GL_ARB_texture_rg GL_ARB_texture_rgb10_a2ui GL_ARB_texture_stencil8 GL_ARB_texture_storage GL_ARB_texture_storage_multisample GL_ARB_texture_swizzle GL_ARB_texture_view GL_ARB_timer_query GL_ARB_transform_feedback2 GL_ARB_transform_feedback3 GL_ARB_transform_feedback_instanced GL_ARB_transform_feedback_overflow_query GL_ARB_uniform_buffer_object GL_ARB_vertex_array_bgra GL_ARB_vertex_array_object GL_ARB_vertex_attrib_64bit GL_ARB_vertex_attrib_binding GL_ARB_vertex_buffer_object GL_ARB_vertex_shader GL_ARB_vertex_type_10f_11f_11f_rev GL_ARB_vertex_type_2_10_10_10_rev GL_ARB_viewpor
t_array GL_ATI_blend_equation_separate GL_ATI_texture_float GL_EXT_EGL_image_storage GL_EXT_EGL_sync GL_EXT_abgr GL_EXT_blend_equation_separate GL_EXT_demote_to_helper_invocation GL_EXT_depth_bounds_test GL_EXT_draw_buffers2 GL_EXT_draw_instanced GL_EXT_framebuffer_blit GL_EXT_framebuffer_multisample GL_EXT_framebuffer_multisample_blit_scaled GL_EXT_framebuffer_object GL_EXT_framebuffer_sRGB GL_EXT_memory_object GL_EXT_memory_object_fd GL_EXT_packed_depth_stencil GL_EXT_packed_float GL_EXT_pixel_buffer_object GL_EXT_polygon_offset_clamp GL_EXT_provoking_vertex GL_EXT_semaphore GL_EXT_semaphore_fd GL_EXT_shader_framebuffer_fetch GL_EXT_shader_framebuffer_fetch_non_coherent GL_EXT_shader_integer_mix GL_EXT_shader_samples_identical GL_EXT_texture_array GL_EXT_texture_compression_dxt1 GL_EXT_texture_compression_rgtc GL_EXT_texture_compression_s3tc GL_EXT_texture_filter_anisotropic GL_EXT_texture_integer GL_EXT_texture_sRGB GL_EXT_texture_sRGB_R8 GL_EXT_texture_sRGB_decode GL_EXT_texture_shadow_lod GL_EXT_texture
_shared_exponent GL_EXT_texture_snorm GL_EXT_texture_swizzle GL_EXT_timer_query GL_EXT_transform_feedback GL_EXT_vertex_array_bgra GL_EXT_vertex_attrib_64bit GL_IBM_multimode_draw_arrays GL_INTEL_blackhole_render GL_INTEL_conservative_rasterization GL_INTEL_performance_query GL_INTEL_shader_atomic_float_minmax GL_INTEL_shader_integer_functions2 GL_KHR_blend_equation_advanced GL_KHR_blend_equation_advanced_coherent GL_KHR_context_flush_control GL_KHR_debug GL_KHR_no_error GL_KHR_parallel_shader_compile GL_KHR_robust_buffer_access_behavior GL_KHR_robustness GL_KHR_texture_compression_astc_ldr GL_KHR_texture_compression_astc_sliced_3d GL_MESA_framebuffer_flip_y GL_MESA_pack_invert GL_MESA_shader_integer_functions GL_MESA_texture_signed_rgba GL_NV_compute_shader_derivatives GL_NV_conditional_render GL_NV_copy_image GL_NV_depth_clamp GL_NV_fragment_shader_interlock GL_NV_packed_depth_stencil GL_NV_texture_barrier GL_OES_EGL_image GL_S3_s3tc
OPENGL LOG: Creating OpenGL 4.6 graphics device ; Context level  <OpenGL 4.5> ; Context handle 138118656
../src/intel/isl/isl.c:2220: FINISHME: ../src/intel/isl/isl.c:isl_surf_supports_ccs: CCS for 3D textures is disabled, but a workaround is available.
Initialize mono
Mono path[0] = '/home/thatsaud/Unity/Hub/Editor/2021.3.19f1/Editor/Data/Managed'
Mono path[1] = '/home/thatsaud/Unity/Hub/Editor/2021.3.19f1/Editor/Data/MonoBleedingEdge/lib/mono/unityjit-linux'
Mono config path = '/home/thatsaud/Unity/Hub/Editor/2021.3.19f1/Editor/Data/MonoBleedingEdge/etc'
Using monoOptions --debugger-agent=transport=dt_socket,embedding=1,server=y,suspend=n,address=127.0.0.1:56310
Begin MonoManager ReloadAssembly
Registering precompiled unity dll's ...
Register platform support module: /home/thatsaud/Unity/Hub/Editor/2021.3.19f1/Editor/Data/PlaybackEngines/AndroidPlayer/UnityEditor.Android.Extensions.dll
Register platform support module: /home/thatsaud/Unity/Hub/Editor/2021.3.19f1/Editor/Data/PlaybackEngines/iOSSupport/UnityEditor.iOS.Extensions.dll
Register platform support module: /home/thatsaud/Unity/Hub/Editor/2021.3.19f1/Editor/Data/PlaybackEngines/LinuxStandaloneSupport/UnityEditor.LinuxStandalone.Extensions.dll
Registered in 0.003798 seconds.
Native extension for LinuxStandalone target not found
[usbmuxd] Start listen thread
[usbmuxd] Listen thread started
Native extension for iOS target not found
Native extension for Android target not found
Android Extension - Scanning For ADB Devices 153 ms
Refreshing native plugins compatible for Editor in 67.64 ms, found 0 plugins.
Preloading 0 native plugins for Editor in 0.00 ms.
Mono: successfully reloaded assembly
- Completed reload, in  0.617 seconds
Domain Reload Profiling:
	ReloadAssembly (617ms)
		BeginReloadAssembly (39ms)
			ExecutionOrderSort (0ms)
			DisableScriptedObjects (0ms)
			BackupInstance (0ms)
			ReleaseScriptingObjects (0ms)
			CreateAndSetChildDomain (1ms)
		EndReloadAssembly (500ms)
			LoadAssemblies (38ms)
			RebuildTransferFunctionScriptingTraits (0ms)
			SetupTypeCache (79ms)
			ReleaseScriptCaches (0ms)
			RebuildScriptCaches (21ms)
			SetupLoadedEditorAssemblies (364ms)
				LogAssemblyErrors (0ms)
				InitializePlatformSupportModulesInManaged (212ms)
				SetLoadedEditorAssemblies (0ms)
				RefreshPlugins (68ms)
				BeforeProcessingInitializeOnLoad (1ms)
				ProcessInitializeOnLoadAttributes (56ms)
				ProcessInitializeOnLoadMethodAttributes (27ms)
				AfterProcessingInitializeOnLoad (0ms)
				EditorAssembliesLoaded (0ms)
			ExecutionOrderSort2 (0ms)
			AwakeInstancesAfterBackupRestoration (0ms)
Platform modules already initialized, skipping
Registering precompiled user dll's ...
Registered in 0.003394 seconds.
Begin MonoManager ReloadAssembly
Symbol file LoadedFromMemory doesn't match image /home/thatsaud/AR Project/Library/PackageCache/com.unity.visualscripting@1.8.0/Editor/VisualScripting.Core/Dependencies/DotNetZip/Unity.VisualScripting.IonicZip.dll
Symbol file LoadedFromMemory doesn't match image /home/thatsaud/AR Project/Library/PackageCache/com.unity.visualscripting@1.8.0/Editor/VisualScripting.Core/Dependencies/YamlDotNet/Unity.VisualScripting.YamlDotNet.dll
Native extension for LinuxStandalone target not found
Native extension for iOS target not found
Native extension for Android target not found
Refreshing native plugins compatible for Editor in 68.03 ms, found 0 plugins.
Preloading 0 native plugins for Editor in 0.00 ms.
Package Manager log level set to [2]
Mono: successfully reloaded assembly
- Completed reload, in  0.849 seconds
Domain Reload Profiling:
	ReloadAssembly (850ms)
		BeginReloadAssembly (64ms)
			ExecutionOrderSort (0ms)
			DisableScriptedObjects (4ms)
			BackupInstance (0ms)
			ReleaseScriptingObjects (0ms)
			CreateAndSetChildDomain (16ms)
		EndReloadAssembly (704ms)
			LoadAssemblies (48ms)
			RebuildTransferFunctionScriptingTraits (0ms)
			SetupTypeCache (202ms)
			ReleaseScriptCaches (0ms)
			RebuildScriptCaches (49ms)
			SetupLoadedEditorAssemblies (353ms)
				LogAssemblyErrors (0ms)
				InitializePlatformSupportModulesInManaged (17ms)
				SetLoadedEditorAssemblies (0ms)
				RefreshPlugins (68ms)
				BeforeProcessingInitializeOnLoad (68ms)
				ProcessInitializeOnLoadAttributes (182ms)
				ProcessInitializeOnLoadMethodAttributes (13ms)
				AfterProcessingInitializeOnLoad (4ms)
				EditorAssembliesLoaded (0ms)
			ExecutionOrderSort2 (0ms)
			AwakeInstancesAfterBackupRestoration (3ms)
Platform modules already initialized, skipping
========================================================================
Worker process is ready to serve import requests
Launched and connected shader compiler UnityShaderCompiler after 0.01 seconds
Refreshing native plugins compatible for Editor in 0.50 ms, found 0 plugins.
Preloading 0 native plugins for Editor in 0.00 ms.
Unloading 4254 Unused Serialized files (Serialized files now loaded: 0)
Unloading 57 unused Assets / (109.8 KB). Loaded Objects now: 4817.
Memory consumption went from 152.9 MB to 152.8 MB.
Total: 3.622234 ms (FindLiveObjects: 0.233963 ms CreateObjectMapping: 0.123763 ms MarkObjects: 3.054913 ms  DeleteObjects: 0.208360 ms)

AssetImportParameters requested are different than current active one (requested -> active):
  custom:video-decoder-ogg-theora: a1e56fd34408186e4bbccfd4996cb3dc -> 
  custom:container-muxer-webm: aa71ff27fc2769a1b78a27578f13a17b -> 
  custom:container-demuxer-webm: 4f35f7cbe854078d1ac9338744f61a02 -> 
  custom:video-encoder-webm-vp8: eb34c28f22e8b96e1ab97ce403110664 -> 
  custom:audio-encoder-webm-vorbis: bf7c407c2cedff20999df2af8eb42d56 -> 
  custom:container-demuxer-ogg: 62fdf1f143b41e24485cea50d1cbac27 -> 
  custom:video-decoder-webm-vp8: 9c59270c3fd7afecdb556c50c9e8de78 -> 
  custom:audio-decoder-ogg-vorbis: bf7c407c2cedff20999df2af8eb42d56 -> 
========================================================================
Received Import Request.
  Time since last request: 75035.169977 seconds.
  path: Assets/EasyRoads3D scenes/scene main.unity
  artifactKey: Guid(ce75f594e43cda9459533dcb39d8a2af) Importer(815301076,1909f56bfc062723c751e8b465ee728b)
Start importing Assets/EasyRoads3D scenes/scene main.unity using Guid(ce75f594e43cda9459533dcb39d8a2af) Importer(815301076,1909f56bfc062723c751e8b465ee728b)  -> (artifact id: '4f67af175f00d0aa7575d5d5d2955ba8') in 0.005800 seconds 
========================================================================
Received Import Request.
  Time since last request: 10.532886 seconds.
  path: Assets/EasyRoads3D scenes/scene runtime.unity
  artifactKey: Guid(78d799c8005da124ea22cde9a1b4a92c) Importer(815301076,1909f56bfc062723c751e8b465ee728b)
Start importing Assets/EasyRoads3D scenes/scene runtime.unity using Guid(78d799c8005da124ea22cde9a1b4a92c) Importer(815301076,1909f56bfc062723c751e8b465ee728b)  -> (artifact id: 'c4f73dae1b0e7c82580bbee91cd25ace') in 0.000427 seconds 
========================================================================
Received Import Request.
  Time since last request: 7.439135 seconds.
  path: Assets/EasyRoads3D/_Preset Editors
  artifactKey: Guid(8b92b065390bdb94d8d1d4f323f46337) Importer(815301076,1909f56bfc062723c751e8b465ee728b)
Start importing Assets/EasyRoads3D/_Preset Editors using Guid(8b92b065390bdb94d8d1d4f323f46337) Importer(815301076,1909f56bfc062723c751e8b465ee728b)  -> (artifact id: '1c8ac6bed1b42044cfd69c621ae51ae0') in 0.000398 seconds 
========================================================================
Received Import Request.
  Time since last request: 0.088885 seconds.
  path: Assets/EasyRoads3D/_Preset Editors/Road Types.prefab
  artifactKey: Guid(dbcf3803d269bd44e89b29f1c0177ff5) Importer(815301076,1909f56bfc062723c751e8b465ee728b)
Start importing Assets/EasyRoads3D/_Preset Editors/Road Types.prefab using Guid(dbcf3803d269bd44e89b29f1c0177ff5) Importer(815301076,1909f56bfc062723c751e8b465ee728b)  -> (artifact id: 'e3222b7d5d20acf71067abfeb088b8c0') in 0.188550 seconds 
========================================================================
Received Import Request.
  Time since last request: 10.773407 seconds.
  path: Assets/EasyRoads3D scenes/scene mainSettings.lighting
  artifactKey: Guid(641a87351c73d804f86f31ba543e0999) Importer(815301076,1909f56bfc062723c751e8b465ee728b)
Start importing Assets/EasyRoads3D scenes/scene mainSettings.lighting using Guid(641a87351c73d804f86f31ba543e0999) Importer(815301076,1909f56bfc062723c751e8b465ee728b) LightingSettings: switching bake backend from 1 to 0.
 -> (artifact id: '39c618cdd2b46a9fb9f91332ddb8faef') in 0.000800 seconds 
========================================================================
Received Import Request.
  Time since last request: 10.001911 seconds.
  path: Assets/EasyRoads3D scenes/Terrain Assets
  artifactKey: Guid(7e6f84bf81c8d4de280f1133cff7e601) Importer(815301076,1909f56bfc062723c751e8b465ee728b)
Start importing Assets/EasyRoads3D scenes/Terrain Assets using Guid(7e6f84bf81c8d4de280f1133cff7e601) Importer(815301076,1909f56bfc062723c751e8b465ee728b)  -> (artifact id: 'f54094e16a599b4efd199cacf7dbce0a') in 0.000417 seconds 
========================================================================
Received Import Request.
  Time since last request: 0.096435 seconds.
  path: Assets/EasyRoads3D scenes/Terrain Assets/EasyRoads3D Terrain.asset
  artifactKey: Guid(74d798927bbdfd943b2206e8fe96f93a) Importer(815301076,1909f56bfc062723c751e8b465ee728b)
Start importing Assets/EasyRoads3D scenes/Terrain Assets/EasyRoads3D Terrain.asset using Guid(74d798927bbdfd943b2206e8fe96f93a) Importer(815301076,1909f56bfc062723c751e8b465ee728b)  -> (artifact id: '146ef39efdf4572ef55e6305b3b63486') in 0.012603 seconds 
========================================================================
Received Import Request.
  Time since last request: 0.000015 seconds.
  path: Assets/EasyRoads3D scenes/Terrain Assets/sky ER.mat
  artifactKey: Guid(70ad4885b1f34044eb595ed36d9f1ef1) Importer(815301076,1909f56bfc062723c751e8b465ee728b)
Start importing Assets/EasyRoads3D scenes/Terrain Assets/sky ER.mat using Guid(70ad4885b1f34044eb595ed36d9f1ef1) Importer(815301076,1909f56bfc062723c751e8b465ee728b)  -> (artifact id: 'b09be7aa14e75b46a418be73a14f0018') in 0.016492 seconds 
========================================================================
Received Import Request.
  Time since last request: 0.000016 seconds.
  path: Assets/EasyRoads3D scenes/Terrain Assets/Grass.terrainlayer
  artifactKey: Guid(617a9234e6a974641ab3f82d1b801fa5) Importer(815301076,1909f56bfc062723c751e8b465ee728b)
Start importing Assets/EasyRoads3D scenes/Terrain Assets/Grass.terrainlayer using Guid(617a9234e6a974641ab3f82d1b801fa5) Importer(815301076,1909f56bfc062723c751e8b465ee728b)  -> (artifact id: '49ca994c65bab5754cd2d1792193af73') in 0.006840 seconds 
========================================================================
Received Import Request.
  Time since last request: 8.159064 seconds.
  path: Assets/EasyRoads3D scenes/Terrain Assets/Terrain Textures
  artifactKey: Guid(cba4562cece794697b418ce8e7c04b3c) Importer(815301076,1909f56bfc062723c751e8b465ee728b)
Start importing Assets/EasyRoads3D scenes/Terrain Assets/Terrain Textures using Guid(cba4562cece794697b418ce8e7c04b3c) Importer(815301076,1909f56bfc062723c751e8b465ee728b)  -> (artifact id: 'b9b5d6e849009b1e2f5974ebb4484a32') in 0.000349 seconds 
========================================================================
Received Import Request.
  Time since last request: 0.121619 seconds.
  path: Assets/EasyRoads3D scenes/Terrain Assets/Terrain Textures/Cliff (Layered Rock) ER.psd
  artifactKey: Guid(18214e9d6af6248559d501391856f1c7) Importer(815301076,1909f56bfc062723c751e8b465ee728b)
Start importing Assets/EasyRoads3D scenes/Terrain Assets/Terrain Textures/Cliff (Layered Rock) ER.psd using Guid(18214e9d6af6248559d501391856f1c7) Importer(815301076,1909f56bfc062723c751e8b465ee728b)  -> (artifact id: 'a3a8dba41bc69a4e3293c6418256a678') in 0.004901 seconds 
========================================================================
Received Import Request.
  Time since last request: 0.023654 seconds.
  path: Assets/EasyRoads3D scenes/Terrain Assets/Terrain Textures/Grass ER ER.tga
  artifactKey: Guid(55533b228c2ec73499a5a9fbaa38c07d) Importer(815301076,1909f56bfc062723c751e8b465ee728b)
Start importing Assets/EasyRoads3D scenes/Terrain Assets/Terrain Textures/Grass ER ER.tga using Guid(55533b228c2ec73499a5a9fbaa38c07d) Importer(815301076,1909f56bfc062723c751e8b465ee728b)  -> (artifact id: 'd86f1dccbe5e4443e71859d2723ff2a2') in 0.004812 seconds 
========================================================================
Received Import Request.
  Time since last request: 0.000023 seconds.
  path: Assets/EasyRoads3D scenes/Terrain Assets/Terrain Textures/Grass (Hill).psd
  artifactKey: Guid(c6e0767b1f8c34890ac245217f4b9731) Importer(815301076,1909f56bfc062723c751e8b465ee728b)
Start importing Assets/EasyRoads3D scenes/Terrain Assets/Terrain Textures/Grass (Hill).psd using Guid(c6e0767b1f8c34890ac245217f4b9731) Importer(815301076,1909f56bfc062723c751e8b465ee728b)  -> (artifact id: 'be33fe1a9f7f1ed2eefbd46b18fc2e79') in 0.005147 seconds 
========================================================================
Received Import Request.
  Time since last request: 22.844219 seconds.
  path: Assets/EasyRoads3D/images/autoGenerateBarriers.jpg
  artifactKey: Guid(351e927d482eed84da068faab9920ede) Importer(815301076,1909f56bfc062723c751e8b465ee728b)
Start importing Assets/EasyRoads3D/images/autoGenerateBarriers.jpg using Guid(351e927d482eed84da068faab9920ede) Importer(815301076,1909f56bfc062723c751e8b465ee728b)  -> (artifact id: '54fb97296a14a71eb6176757bcbf9cc9') in 0.004331 seconds 
========================================================================
Received Import Request.
  Time since last request: 0.022972 seconds.
  path: Assets/EasyRoads3D/images/camMode.jpg
  artifactKey: Guid(2a48376863796244baa68b4fefa47ae4) Importer(815301076,1909f56bfc062723c751e8b465ee728b)
Start importing Assets/EasyRoads3D/images/camMode.jpg using Guid(2a48376863796244baa68b4fefa47ae4) Importer(815301076,1909f56bfc062723c751e8b465ee728b)  -> (artifact id: '7c668ac348a3bcbca5ca955f2341a210') in 0.004142 seconds 
========================================================================
Received Import Request.
  Time since last request: 0.000014 seconds.
  path: Assets/EasyRoads3D/images/connectionProperties.jpg
  artifactKey: Guid(1c86ebbddb759fd4d9484e19296c5cfc) Importer(815301076,1909f56bfc062723c751e8b465ee728b)
Start importing Assets/EasyRoads3D/images/connectionProperties.jpg using Guid(1c86ebbddb759fd4d9484e19296c5cfc) Importer(815301076,1909f56bfc062723c751e8b465ee728b)  -> (artifact id: '3fde5449213d3e4e6122acc4449eba81') in 0.003531 seconds 
========================================================================
Received Import Request.
  Time since last request: 0.000015 seconds.
  path: Assets/EasyRoads3D/images/info.jpg
  artifactKey: Guid(14b8f04f55a4dc947a91eb9e109f3f4f) Importer(815301076,1909f56bfc062723c751e8b465ee728b)
Start importing Assets/EasyRoads3D/images/info.jpg using Guid(14b8f04f55a4dc947a91eb9e109f3f4f) Importer(815301076,1909f56bfc062723c751e8b465ee728b)  -> (artifact id: '00bc789681e85e9e7f4b25cbedee8504') in 0.003112 seconds 
========================================================================
Received Import Request.
  Time since last request: 0.000018 seconds.
  path: Assets/EasyRoads3D/images/hierarchy.jpg
  artifactKey: Guid(00b9b41a39919d8439a3dae0f7d3ff9c) Importer(815301076,1909f56bfc062723c751e8b465ee728b)
Start importing Assets/EasyRoads3D/images/hierarchy.jpg using Guid(00b9b41a39919d8439a3dae0f7d3ff9c) Importer(815301076,1909f56bfc062723c751e8b465ee728b)  -> (artifact id: '0a5e84e916a4612d41de4cc93a8e6fa4') in 0.003289 seconds 
========================================================================
Received Import Request.
  Time since last request: 0.000015 seconds.
  path: Assets/EasyRoads3D/images/nextTop.jpg
  artifactKey: Guid(d8a07c980769cde42a321f319e27aa02) Importer(815301076,1909f56bfc062723c751e8b465ee728b)
Start importing Assets/EasyRoads3D/images/nextTop.jpg using Guid(d8a07c980769cde42a321f319e27aa02) Importer(815301076,1909f56bfc062723c751e8b465ee728b)  -> (artifact id: 'f0a742d6bd0829693aa5d11d8df96e6c') in 0.004604 seconds 
========================================================================
Received Import Request.
  Time since last request: 0.000013 seconds.
  path: Assets/EasyRoads3D/images/roadSplatMapBake.jpg
  artifactKey: Guid(ae2dc71e3ef9b23448079cd17968c785) Importer(815301076,1909f56bfc062723c751e8b465ee728b)
Start importing Assets/EasyRoads3D/images/roadSplatMapBake.jpg using Guid(ae2dc71e3ef9b23448079cd17968c785) Importer(815301076,1909f56bfc062723c751e8b465ee728b)  -> (artifact id: 'ba8c5381e65b01fa1b861ad865c0ad98') in 0.003344 seconds 
========================================================================
Received Import Request.
  Time since last request: 0.000013 seconds.
  path: Assets/EasyRoads3D/images/mainSOsettings.jpg
  artifactKey: Guid(894292ab438c5634b807837219608437) Importer(815301076,1909f56bfc062723c751e8b465ee728b)
Start importing Assets/EasyRoads3D/images/mainSOsettings.jpg using Guid(894292ab438c5634b807837219608437) Importer(815301076,1909f56bfc062723c751e8b465ee728b)  -> (artifact id: '1fe079c959a50140169d8b486776612c') in 0.004409 seconds 
========================================================================
Received Import Request.
  Time since last request: 0.000014 seconds.
  path: Assets/EasyRoads3D/images/IConnectorTexture.jpg
  artifactKey: Guid(a85fa2230c8f7d841a128df85b794e47) Importer(815301076,1909f56bfc062723c751e8b465ee728b)
Start importing Assets/EasyRoads3D/images/IConnectorTexture.jpg using Guid(a85fa2230c8f7d841a128df85b794e47) Importer(815301076,1909f56bfc062723c751e8b465ee728b)  -> (artifact id: '72583dcc2f57003f00b0a3659a1782a2') in 0.005431 seconds 
========================================================================
Received Import Request.
  Time since last request: 0.000015 seconds.
  path: Assets/EasyRoads3D/images/conFavorites.jpg
  artifactKey: Guid(be2b0a89c08207849bb60bfd07beb1b5) Importer(815301076,1909f56bfc062723c751e8b465ee728b)
Start importing Assets/EasyRoads3D/images/conFavorites.jpg using Guid(be2b0a89c08207849bb60bfd07beb1b5) Importer(815301076,1909f56bfc062723c751e8b465ee728b)  -> (artifact id: '9f0990c5bcbcaaf9b63a3f088c8206e5') in 0.004064 seconds 
========================================================================
Received Import Request.
  Time since last request: 0.000013 seconds.
  path: Assets/EasyRoads3D/images/roadproperties.jpg
  artifactKey: Guid(d3a3b3596f020c74a820299a0d737fbc) Importer(815301076,1909f56bfc062723c751e8b465ee728b)
Start importing Assets/EasyRoads3D/images/roadproperties.jpg using Guid(d3a3b3596f020c74a820299a0d737fbc) Importer(815301076,1909f56bfc062723c751e8b465ee728b)  -> (artifact id: 'df82de2c21cfa61499244f97b935d81c') in 0.003498 seconds 
========================================================================
Received Import Request.
  Time since last request: 0.000024 seconds.
  path: Assets/EasyRoads3D/images/crossingPrefabs.jpg
  artifactKey: Guid(6f3dc159dc032244294849410ca384f4) Importer(815301076,1909f56bfc062723c751e8b465ee728b)
Start importing Assets/EasyRoads3D/images/crossingPrefabs.jpg using Guid(6f3dc159dc032244294849410ca384f4) Importer(815301076,1909f56bfc062723c751e8b465ee728b)  -> (artifact id: '2dab9be4e1389b652e3cec1500f65684') in 0.004822 seconds 
========================================================================
Received Import Request.
  Time since last request: 0.000028 seconds.
  path: Assets/EasyRoads3D/images/scene_tab.jpg
  artifactKey: Guid(516c3b5a5427d284e90f86f3f0bd28e9) Importer(815301076,1909f56bfc062723c751e8b465ee728b)
Start importing Assets/EasyRoads3D/images/scene_tab.jpg using Guid(516c3b5a5427d284e90f86f3f0bd28e9) Importer(815301076,1909f56bfc062723c751e8b465ee728b)  -> (artifact id: 'bc78b4df4919f70b7e112ceaf3e9325a') in 0.004326 seconds 
========================================================================
Received Import Request.
  Time since last request: 0.000019 seconds.
  path: Assets/EasyRoads3D/images/newObject.jpg
  artifactKey: Guid(9032dc9291fa3454683b5e82898828ea) Importer(815301076,1909f56bfc062723c751e8b465ee728b)
Start importing Assets/EasyRoads3D/images/newObject.jpg using Guid(9032dc9291fa3454683b5e82898828ea) Importer(815301076,1909f56bfc062723c751e8b465ee728b)  -> (artifact id: '1cae9f209ec080a0b132f9afbc4d22b6') in 0.006126 seconds 
========================================================================
Received Import Request.
  Time since last request: 0.000023 seconds.
  path: Assets/EasyRoads3D/images/roadTypes.jpg
  artifactKey: Guid(41bdd0260f990ac4a9906695b8542c01) Importer(815301076,1909f56bfc062723c751e8b465ee728b)
Start importing Assets/EasyRoads3D/images/roadTypes.jpg using Guid(41bdd0260f990ac4a9906695b8542c01) Importer(815301076,1909f56bfc062723c751e8b465ee728b)  -> (artifact id: '8bf2fa4e8e78090d10ce9d56d9757914') in 0.008535 seconds 
========================================================================
Received Import Request.
  Time since last request: 0.000016 seconds.
  path: Assets/EasyRoads3D/images/roundabout_inspector.jpg
  artifactKey: Guid(fa42bf949295f4c47b3970d8d42b46a8) Importer(815301076,1909f56bfc062723c751e8b465ee728b)
Start importing Assets/EasyRoads3D/images/roundabout_inspector.jpg using Guid(fa42bf949295f4c47b3970d8d42b46a8) Importer(815301076,1909f56bfc062723c751e8b465ee728b)  -> (artifact id: '7e110eebc07e0a5f0b41090065d7a72c') in 0.005498 seconds 
========================================================================
Received Import Request.
  Time since last request: 0.000015 seconds.
  path: Assets/EasyRoads3D/images/crossingHandles.jpg
  artifactKey: Guid(00031cd9febbe284e80b2fcee3c08cae) Importer(815301076,1909f56bfc062723c751e8b465ee728b)
Start importing Assets/EasyRoads3D/images/crossingHandles.jpg using Guid(00031cd9febbe284e80b2fcee3c08cae) Importer(815301076,1909f56bfc062723c751e8b465ee728b)  -> (artifact id: '6f69b744359cfa40efc36666e99e7f01') in 0.007660 seconds 
========================================================================
Received Import Request.
  Time since last request: 0.000016 seconds.
  path: Assets/EasyRoads3D/images/render_tab.jpg
  artifactKey: Guid(900db4dc4ba28de4783dd014f8af13fa) Importer(815301076,1909f56bfc062723c751e8b465ee728b)
Start importing Assets/EasyRoads3D/images/render_tab.jpg using Guid(900db4dc4ba28de4783dd014f8af13fa) Importer(815301076,1909f56bfc062723c751e8b465ee728b)  -> (artifact id: '0788ea4a8564da05d2231a1e541ec551') in 0.004820 seconds 
========================================================================
Received Import Request.
  Time since last request: 0.000015 seconds.
  path: Assets/EasyRoads3D/images/namingConvention.jpg
  artifactKey: Guid(b939e1874d88673419c3ff2a6078c6eb) Importer(815301076,1909f56bfc062723c751e8b465ee728b)
Start importing Assets/EasyRoads3D/images/namingConvention.jpg using Guid(b939e1874d88673419c3ff2a6078c6eb) Importer(815301076,1909f56bfc062723c751e8b465ee728b)  -> (artifact id: '234c0c423708e7f9db082b14e2adcf24') in 0.005384 seconds 
========================================================================
Received Import Request.
  Time since last request: 0.000015 seconds.
  path: Assets/EasyRoads3D/images/soSceneViewUI.jpg
  artifactKey: Guid(5c3366c05c227cb42992153105776f5c) Importer(815301076,1909f56bfc062723c751e8b465ee728b)
Start importing Assets/EasyRoads3D/images/soSceneViewUI.jpg using Guid(5c3366c05c227cb42992153105776f5c) Importer(815301076,1909f56bfc062723c751e8b465ee728b)  -> (artifact id: '9cae66a8226b7446667a27fa5179beff') in 0.009584 seconds 
========================================================================
Received Import Request.
  Time since last request: 0.000016 seconds.
  path: Assets/EasyRoads3D/images/custom_editor_1.jpg
  artifactKey: Guid(4867920e6b56c1740b7b4641827e58c8) Importer(815301076,1909f56bfc062723c751e8b465ee728b)
Start importing Assets/EasyRoads3D/images/custom_editor_1.jpg using Guid(4867920e6b56c1740b7b4641827e58c8) Importer(815301076,1909f56bfc062723c751e8b465ee728b)  -> (artifact id: '63d4710ddf90e61eed434d119e9e4730') in 0.010921 seconds 
========================================================================
Received Import Request.
  Time since last request: 0.000016 seconds.
  path: Assets/EasyRoads3D/images/crossingCornerSettings.jpg
  artifactKey: Guid(97825c1f0d95f994d86f45f51e94cc38) Importer(815301076,1909f56bfc062723c751e8b465ee728b)
Start importing Assets/EasyRoads3D/images/crossingCornerSettings.jpg using Guid(97825c1f0d95f994d86f45f51e94cc38) Importer(815301076,1909f56bfc062723c751e8b465ee728b)  -> (artifact id: '2803acdf5e90797ad78dfd2415f42415') in 0.004332 seconds 
========================================================================
Received Import Request.
  Time since last request: 0.000025 seconds.
  path: Assets/EasyRoads3D/images/menugui.jpg
  artifactKey: Guid(b9a79bb17849fdf4faa3dbaf42eaa65b) Importer(815301076,1909f56bfc062723c751e8b465ee728b)
Start importing Assets/EasyRoads3D/images/menugui.jpg using Guid(b9a79bb17849fdf4faa3dbaf42eaa65b) Importer(815301076,1909f56bfc062723c751e8b465ee728b)  -> (artifact id: 'f1fa77abff577c6e0a776423ab6f8bd1') in 0.003557 seconds 
========================================================================
Received Import Request.
  Time since last request: 0.000015 seconds.
  path: Assets/EasyRoads3D/images/soShapeInspector.jpg
  artifactKey: Guid(b77ba33817849054098b0d147696fbbf) Importer(815301076,1909f56bfc062723c751e8b465ee728b)
Start importing Assets/EasyRoads3D/images/soShapeInspector.jpg using Guid(b77ba33817849054098b0d147696fbbf) Importer(815301076,1909f56bfc062723c751e8b465ee728b)  -> (artifact id: '1646381ff046bdc36be0e4616076d613') in 0.003297 seconds 
========================================================================
Received Import Request.
  Time since last request: 0.000013 seconds.
  path: Assets/EasyRoads3D/images/roadMarkerSettingsMore.jpg
  artifactKey: Guid(f0d506922a3c464488f19cfea393f1e4) Importer(815301076,1909f56bfc062723c751e8b465ee728b)
Start importing Assets/EasyRoads3D/images/roadMarkerSettingsMore.jpg using Guid(f0d506922a3c464488f19cfea393f1e4) Importer(815301076,1909f56bfc062723c751e8b465ee728b)  -> (artifact id: 'f816c0de6c8d70368e25cbdf6af22b25') in 0.003019 seconds 
========================================================================
Received Import Request.
  Time since last request: 0.000014 seconds.
  path: Assets/EasyRoads3D/images/import_data.jpg
  artifactKey: Guid(fad9b161854551342bf1162b418b40c8) Importer(815301076,1909f56bfc062723c751e8b465ee728b)
Start importing Assets/EasyRoads3D/images/import_data.jpg using Guid(fad9b161854551342bf1162b418b40c8) Importer(815301076,1909f56bfc062723c751e8b465ee728b)  -> (artifact id: '0997bb156f4d953c8456ba19a3909c7c') in 0.003179 seconds 
========================================================================
Received Import Request.
  Time since last request: 0.000014 seconds.
  path: Assets/EasyRoads3D/images/previousBtm.jpg
  artifactKey: Guid(eb5824c0562004640bd578e3ca9e46a4) Importer(815301076,1909f56bfc062723c751e8b465ee728b)
Start importing Assets/EasyRoads3D/images/previousBtm.jpg using Guid(eb5824c0562004640bd578e3ca9e46a4) Importer(815301076,1909f56bfc062723c751e8b465ee728b)  -> (artifact id: '60a1f5cebf8c93c0a9dbe00b92aa6040') in 0.002646 seconds 
========================================================================
Received Import Request.
  Time since last request: 7.653192 seconds.
  path: Assets/EasyRoads3D/Resources/ERProRoad.prefab
  artifactKey: Guid(1f87f95e79e2c104f808bba536652594) Importer(815301076,1909f56bfc062723c751e8b465ee728b)
Start importing Assets/EasyRoads3D/Resources/ERProRoad.prefab using Guid(1f87f95e79e2c104f808bba536652594) Importer(815301076,1909f56bfc062723c751e8b465ee728b)  -> (artifact id: 'd0c565041334b661b961425c39643a57') in 0.015076 seconds 
Editor requested this worker to shutdown with reason: Scaling down because of idle timeout
AssetImportWorker is now disconnected from the server
Process exiting
Checking for leaked weakptr:
  Found no leaked weakptrs.
All object instances wasn't destroyed before shutting down
Assertion failed on expression: 'm_MemoryFSRefCount == 0'
Memory Statistics:
[ALLOC_TEMP_TLS] TLS Allocator
  StackAllocators : 
    [ALLOC_TEMP_Loading.PreloadManager]
      Peak usage frame count: [0-1.0 KB]: 1 frames
      Initial Block Size 32.0 MB
      Current Block Size 32.0 MB
      Peak Allocated Bytes 0 B
      Overflow Count 0
    [ALLOC_TEMP_CurlRequest]
      Initial Block Size 64.0 KB
      Current Block Size 64.0 KB
      Peak Allocated Bytes 257 B
      Overflow Count 0
    [ALLOC_TEMP_BakingJobs.Worker 15]
      Initial Block Size 256.0 KB
      Current Block Size 256.0 KB
      Peak Allocated Bytes 0 B
      Overflow Count 0
    [ALLOC_TEMP_BakingJobs.Worker 14]
      Initial Block Size 256.0 KB
      Current Block Size 256.0 KB
      Peak Allocated Bytes 0 B
      Overflow Count 0
    [ALLOC_TEMP_BakingJobs.Worker 13]
      Initial Block Size 256.0 KB
      Current Block Size 256.0 KB
      Peak Allocated Bytes 0 B
      Overflow Count 0
    [ALLOC_TEMP_BakingJobs.Worker 12]
      Initial Block Size 256.0 KB
      Current Block Size 256.0 KB
      Peak Allocated Bytes 0 B
      Overflow Count 0
    [ALLOC_TEMP_BakingJobs.Worker 11]
      Initial Block Size 256.0 KB
      Current Block Size 256.0 KB
      Peak Allocated Bytes 0 B
      Overflow Count 0
    [ALLOC_TEMP_BakingJobs.Worker 10]
      Initial Block Size 256.0 KB
      Current Block Size 256.0 KB
      Peak Allocated Bytes 0 B
      Overflow Count 0
    [ALLOC_TEMP_BakingJobs.Worker 9]
      Initial Block Size 256.0 KB
      Current Block Size 256.0 KB
      Peak Allocated Bytes 0 B
      Overflow Count 0
    [ALLOC_TEMP_BakingJobs.Worker 8]
      Initial Block Size 256.0 KB
      Current Block Size 256.0 KB
      Peak Allocated Bytes 0 B
      Overflow Count 0
    [ALLOC_TEMP_BakingJobs.Worker 7]
      Initial Block Size 256.0 KB
      Current Block Size 256.0 KB
      Peak Allocated Bytes 0 B
      Overflow Count 0
    [ALLOC_TEMP_BakingJobs.Worker 6]
      Initial Block Size 256.0 KB
      Current Block Size 256.0 KB
      Peak Allocated Bytes 0 B
      Overflow Count 0
    [ALLOC_TEMP_BakingJobs.Worker 5]
      Initial Block Size 256.0 KB
      Current Block Size 256.0 KB
      Peak Allocated Bytes 0 B
      Overflow Count 0
    [ALLOC_TEMP_BakingJobs.Worker 4]
      Initial Block Size 256.0 KB
      Current Block Size 256.0 KB
      Peak Allocated Bytes 0 B
      Overflow Count 0
    [ALLOC_TEMP_BakingJobs.Worker 3]
      Initial Block Size 256.0 KB
      Current Block Size 256.0 KB
      Peak Allocated Bytes 0 B
      Overflow Count 0
    [ALLOC_TEMP_BakingJobs.Worker 2]
      Initial Block Size 256.0 KB
      Current Block Size 256.0 KB
      Peak Allocated Bytes 0 B
      Overflow Count 0
    [ALLOC_TEMP_BakingJobs.Worker 1]
      Initial Block Size 256.0 KB
      Current Block Size 256.0 KB
      Peak Allocated Bytes 0 B
      Overflow Count 0
    [ALLOC_TEMP_BakingJobs.Worker 0]
      Initial Block Size 256.0 KB
      Current Block Size 256.0 KB
      Peak Allocated Bytes 0 B
      Overflow Count 0
    [ALLOC_TEMP_AssetDatabase.FileHasherHasher]
      Initial Block Size 64.0 KB
      Current Block Size 64.0 KB
      Peak Allocated Bytes 31 B
      Overflow Count 0
    [ALLOC_TEMP_AssetDatabase.FileHasherReader]
      Initial Block Size 64.0 KB
      Current Block Size 64.0 KB
      Peak Allocated Bytes 31 B
      Overflow Count 0
    [ALLOC_TEMP_AssetDatabase.FileHasherHasher]
      Initial Block Size 64.0 KB
      Current Block Size 64.0 KB
      Peak Allocated Bytes 31 B
      Overflow Count 0
    [ALLOC_TEMP_AssetDatabase.FileHasherReader]
      Initial Block Size 64.0 KB
      Current Block Size 64.0 KB
      Peak Allocated Bytes 31 B
      Overflow Count 0
    [ALLOC_TEMP_AssetDatabase.FileHasherHasher]
      Initial Block Size 64.0 KB
      Current Block Size 64.0 KB
      Peak Allocated Bytes 31 B
      Overflow Count 0
    [ALLOC_TEMP_AssetDatabase.FileHasherReader]
      Initial Block Size 64.0 KB
      Current Block Size 64.0 KB
      Peak Allocated Bytes 31 B
      Overflow Count 0
    [ALLOC_TEMP_AssetDatabase.FileHasherHasher]
      Initial Block Size 64.0 KB
      Current Block Size 64.0 KB
      Peak Allocated Bytes 31 B
      Overflow Count 0
    [ALLOC_TEMP_AssetDatabase.FileHasherReader]
      Initial Block Size 64.0 KB
      Current Block Size 64.0 KB
      Peak Allocated Bytes 31 B
      Overflow Count 0
    [ALLOC_TEMP_Loading.AsyncRead]
      Initial Block Size 64.0 KB
      Current Block Size 64.0 KB
      Peak Allocated Bytes 0 B
      Overflow Count 0
    [ALLOC_TEMP_BatchDeleteObjects]
      Initial Block Size 64.0 KB
      Current Block Size 64.0 KB
      Peak Allocated Bytes 0 B
      Overflow Count 0
    [ALLOC_TEMP_Background Job.Worker 15]
      Initial Block Size 32.0 KB
      Current Block Size 32.0 KB
      Peak Allocated Bytes 0 B
      Overflow Count 0
    [ALLOC_TEMP_Background Job.Worker 14]
      Initial Block Size 32.0 KB
      Current Block Size 32.0 KB
      Peak Allocated Bytes 0 B
      Overflow Count 0
    [ALLOC_TEMP_Background Job.Worker 13]
      Initial Block Size 32.0 KB
      Current Block Size 32.0 KB
      Peak Allocated Bytes 0 B
      Overflow Count 0
    [ALLOC_TEMP_Background Job.Worker 12]
      Initial Block Size 32.0 KB
      Current Block Size 32.0 KB
      Peak Allocated Bytes 0 B
      Overflow Count 0
    [ALLOC_TEMP_Background Job.Worker 11]
      Initial Block Size 32.0 KB
      Current Block Size 32.0 KB
      Peak Allocated Bytes 0 B
      Overflow Count 0
    [ALLOC_TEMP_Background Job.Worker 10]
      Initial Block Size 32.0 KB
      Current Block Size 32.0 KB
      Peak Allocated Bytes 0 B
      Overflow Count 0
    [ALLOC_TEMP_Background Job.Worker 9]
      Initial Block Size 32.0 KB
      Current Block Size 32.0 KB
      Peak Allocated Bytes 0 B
      Overflow Count 0
    [ALLOC_TEMP_Background Job.Worker 8]
      Initial Block Size 32.0 KB
      Current Block Size 32.0 KB
      Peak Allocated Bytes 0 B
      Overflow Count 0
    [ALLOC_TEMP_Background Job.Worker 7]
      Initial Block Size 32.0 KB
      Current Block Size 32.0 KB
      Peak Allocated Bytes 0 B
      Overflow Count 0
    [ALLOC_TEMP_Background Job.Worker 6]
      Initial Block Size 32.0 KB
      Current Block Size 32.0 KB
      Peak Allocated Bytes 0 B
      Overflow Count 0
    [ALLOC_TEMP_Background Job.Worker 5]
      Initial Block Size 32.0 KB
      Current Block Size 32.0 KB
      Peak Allocated Bytes 0 B
      Overflow Count 0
    [ALLOC_TEMP_Background Job.Worker 4]
      Initial Block Size 32.0 KB
      Current Block Size 32.0 KB
      Peak Allocated Bytes 0 B
      Overflow Count 0
    [ALLOC_TEMP_Background Job.Worker 3]
      Initial Block Size 32.0 KB
      Current Block Size 32.0 KB
      Peak Allocated Bytes 0 B
      Overflow Count 0
    [ALLOC_TEMP_Background Job.Worker 2]
      Initial Block Size 32.0 KB
      Current Block Size 32.0 KB
      Peak Allocated Bytes 0 B
      Overflow Count 0
    [ALLOC_TEMP_Background Job.Worker 1]
      Initial Block Size 32.0 KB
      Current Block Size 32.0 KB
      Peak Allocated Bytes 0 B
      Overflow Count 0
    [ALLOC_TEMP_Background Job.Worker 0]
      Initial Block Size 32.0 KB
      Current Block Size 40.0 KB
      Peak Allocated Bytes 25.2 KB
      Overflow Count 0
    [ALLOC_TEMP_Job.Worker 14]
      Initial Block Size 256.0 KB
      Current Block Size 256.0 KB
      Peak Allocated Bytes 0 B
      Overflow Count 0
    [ALLOC_TEMP_Job.Worker 13]
      Initial Block Size 256.0 KB
      Current Block Size 256.0 KB
      Peak Allocated Bytes 0 B
      Overflow Count 0
    [ALLOC_TEMP_Job.Worker 12]
      Initial Block Size 256.0 KB
      Current Block Size 256.0 KB
      Peak Allocated Bytes 0 B
      Overflow Count 0
    [ALLOC_TEMP_Job.Worker 11]
      Initial Block Size 256.0 KB
      Current Block Size 256.0 KB
      Peak Allocated Bytes 0 B
      Overflow Count 0
    [ALLOC_TEMP_Job.Worker 10]
      Initial Block Size 256.0 KB
      Current Block Size 256.0 KB
      Peak Allocated Bytes 0 B
      Overflow Count 0
    [ALLOC_TEMP_Job.Worker 9]
      Initial Block Size 256.0 KB
      Current Block Size 256.0 KB
      Peak Allocated Bytes 0 B
      Overflow Count 0
    [ALLOC_TEMP_Job.Worker 8]
      Initial Block Size 256.0 KB
      Current Block Size 256.0 KB
      Peak Allocated Bytes 0 B
      Overflow Count 0
    [ALLOC_TEMP_Job.Worker 7]
      Initial Block Size 256.0 KB
      Current Block Size 256.0 KB
      Peak Allocated Bytes 0 B
      Overflow Count 0
    [ALLOC_TEMP_Job.Worker 6]
      Initial Block Size 256.0 KB
      Current Block Size 256.0 KB
      Peak Allocated Bytes 0 B
      Overflow Count 0
    [ALLOC_TEMP_Job.Worker 5]
      Initial Block Size 256.0 KB
      Current Block Size 256.0 KB
      Peak Allocated Bytes 0 B
      Overflow Count 0
    [ALLOC_TEMP_Job.Worker 4]
      Initial Block Size 256.0 KB
      Current Block Size 256.0 KB
      Peak Allocated Bytes 0 B
      Overflow Count 0
    [ALLOC_TEMP_Job.Worker 3]
      Initial Block Size 256.0 KB
      Current Block Size 256.0 KB
      Peak Allocated Bytes 0 B
      Overflow Count 0
    [ALLOC_TEMP_Job.Worker 2]
      Initial Block Size 256.0 KB
      Current Block Size 256.0 KB
      Peak Allocated Bytes 0 B
      Overflow Count 0
    [ALLOC_TEMP_Job.Worker 1]
      Initial Block Size 256.0 KB
      Current Block Size 256.0 KB
      Peak Allocated Bytes 0 B
      Overflow Count 0
    [ALLOC_TEMP_Job.Worker 0]
      Initial Block Size 256.0 KB
      Current Block Size 256.0 KB
      Peak Allocated Bytes 0 B
      Overflow Count 0
    [ALLOC_TEMP_MAIN]
      Initial Block Size 16.0 MB
      Current Block Size 18.5 MB
      Peak Allocated Bytes 15.8 MB
      Overflow Count 0
    [ALLOC_TEMP_CoreBusinessMetricsCache]
      Initial Block Size 64.0 KB
      Current Block Size 64.0 KB
      Peak Allocated Bytes 0 B
      Overflow Count 0
    [ALLOC_TEMP_AssetDatabase.IOService]
      Initial Block Size 64.0 KB
      Current Block Size 64.0 KB
      Peak Allocated Bytes 32.6 KB
      Overflow Count 0
    [ALLOC_TEMP_Profiler.Dispatcher]
      Initial Block Size 64.0 KB
      Current Block Size 64.0 KB
      Peak Allocated Bytes 0 B
      Overflow Count 0
    [ALLOC_TEMP_AssetGarbageCollectorHelper] x 15
      Initial Block Size 64.0 KB
      Current Block Size 64.0 KB
      Peak Allocated Bytes 0 B
      Overflow Count 0
[ALLOC_MEMORYPROFILER]
  Requested Block Size 1.0 MB
  Peak Block count 2
  Peak Allocated memory 0.8 MB
  Peak Large allocation bytes 0 B
[ALLOC_DEFAULT] Dual Thread Allocator
  Peak main deferred allocation count 20
    [ALLOC_BUCKET]
      Large Block size 32.0 MB
      Used Block count 1
      Peak Allocated bytes 6.4 MB
    [ALLOC_DEFAULT_MAIN]
      Requested Block Size 16.0 MB
      Peak Block count 4
      Peak Allocated memory 51.4 MB
      Peak Large allocation bytes 0 B
    [ALLOC_DEFAULT_THREAD]
      Requested Block Size 16.0 MB
      Peak Block count 1
      Peak Allocated memory 371.4 KB
      Peak Large allocation bytes 0 B
[ALLOC_TEMP_JOB_1_FRAME]
  Initial Block Size 2.0 MB
  Used Block Count 1
  Overflow Count (too large) 0
  Overflow Count (full) 0
[ALLOC_TEMP_JOB_2_FRAMES]
  Initial Block Size 2.0 MB
  Used Block Count 1
  Overflow Count (too large) 0
  Overflow Count (full) 0
[ALLOC_TEMP_JOB_4_FRAMES (JobTemp)]
  Initial Block Size 2.0 MB
  Used Block Count 1
  Overflow Count (too large) 0
  Overflow Count (full) 0
[ALLOC_TEMP_JOB_ASYNC (Background)]
  Initial Block Size 1.0 MB
  Used Block Count 1
  Overflow Count (too large) 0
  Overflow Count (full) 0
[ALLOC_GFX] Dual Thread Allocator
  Peak main deferred allocation count 0
    [ALLOC_BUCKET]
      Large Block size 32.0 MB
      Used Block count 1
      Peak Allocated bytes 6.4 MB
    [ALLOC_GFX_MAIN]
      Requested Block Size 16.0 MB
      Peak Block count 1
      Peak Allocated memory 1.5 MB
      Peak Large allocation bytes 0 B
    [ALLOC_GFX_THREAD]
      Requested Block Size 16.0 MB
      Peak Block count 0
      Peak Allocated memory 0 B
      Peak Large allocation bytes 0 B
[ALLOC_CACHEOBJECTS] Dual Thread Allocator
  Peak main deferred allocation count 21494
    [ALLOC_BUCKET]
      Large Block size 32.0 MB
      Used Block count 1
      Peak Allocated bytes 6.4 MB
    [ALLOC_CACHEOBJECTS_MAIN]
      Requested Block Size 4.0 MB
      Peak Block count 20
      Peak Allocated memory 73.5 MB
      Peak Large allocation bytes 0 B
    [ALLOC_CACHEOBJECTS_THREAD]
      Requested Block Size 4.0 MB
      Peak Block count 0
      Peak Allocated memory 0 B
      Peak Large allocation bytes 0 B
[ALLOC_TYPETREE] Dual Thread Allocator
  Peak main deferred allocation count 25470
    [ALLOC_BUCKET]
      Large Block size 32.0 MB
      Used Block count 1
      Peak Allocated bytes 6.4 MB
    [ALLOC_TYPETREE_MAIN]
      Requested Block Size 2.0 MB
      Peak Block count 11
      Peak Allocated memory 19.0 MB
      Peak Large allocation bytes 0 B
    [ALLOC_TYPETREE_THREAD]
      Requested Block Size 2.0 MB
      Peak Block count 0
      Peak Allocated memory 0 B
      Peak Large allocation bytes 0 B
[ALLOC_PROFILER]
  Requested Block Size 16.0 MB
  Peak Block count 1
  Peak Allocated memory 44.9 KB
  Peak Large allocation bytes 0 B
    [ALLOC_PROFILER_BUCKET]
      Large Block size 32.0 MB
      Used Block count 1
      Peak Allocated bytes 304 B
[ALLOC_PROFILER_EDITOR]
  Requested Block Size 1.0 MB
  Peak Block count 0
  Peak Allocated memory 0 B
  Peak Large allocation bytes 0 B
    [ALLOC_PROFILER_BUCKET]
      Large Block size 32.0 MB
      Used Block count 1
      Peak Allocated bytes 304 B
##utp:{"type":"MemoryLeaks","version":2,"phase":"Immediate","time":1678387354556,"processId":126310,"allocatedMemory":54865185,"memoryLabels":[{"Default":36027},{"Permanent":17880},{"Thread":1098752},{"Manager":1178447},{"VertexData":97020},{"Geometry":744},{"Particles":17856},{"VFX":768},{"Texture":124161},{"Shader":296066},{"Material":8372},{"GfxDevice":224216},{"Animation":15006},{"Audio":4508},{"Font":1792},{"FontEngine":336},{"Physics":268733},{"Physics2D":152912},{"Serialization":6685561},{"Input":59504},{"JobScheduler":584},{"GarbageCollector":1049152},{"Mono":92},{"ScriptingNativeRuntime":43520},{"BaseObject":1817782},{"Resource":1180},{"Renderer":8488},{"Transform":48},{"File":13898},{"Network":3355},{"WebCam":24},{"Culling":48},{"Terrain":1065},{"TerrainPhysics":8},{"Wind":24},{"STL":405504},{"String":30283072},{"DynamicArray":3467046},{"HashMap":1661399},{"Utility":2374331},{"Curl":1112},{"PoolAlloc":565952},{"AI":59616},{"TypeTree":2064},{"ScriptManager":1858849},{"RuntimeInitializeOnLoadManager":72},{"AncestorCache":32},{"SpriteAtlas":112},{"GI":15312},{"Unet":16},{"Director":7816},{"WebRequest":720},{"VR":45921},{"SceneManager":640},{"Video":256},{"LazyScriptCache":32},{"ManagedAttributeManager":1},{"TextureStreaming":1416},{"NativeArray":12},{"ScreenCapture":8},{"Camera":25},{"Secure":1},{"CrashReporter":968},{"SerializationCache":624},{"APIUpdating":5872},{"Subsystems":384},{"VirtualTexturing":59424},{"StaticSafetyDebugInfo":327752},{"EditorGui":8084},{"EditorUtility":31623},{"VersionControl":4},{"Undo":450},{"AssetDatabase":82332},{"AssetImporter":271242},{"RestService":5994},{"EditorGi":23712},{"ProgressiveLightmapper":10832},{"License":3144},{"UnityConnect":28584},{"Collab":641},{"Upm":1128},{"DrivenProperties":80},{"HubClient":32},{"LocalIPC":121},{"ProfilerEditor":20157},{"CoreBusinessMetrics":2703},{"AssetReference":32}]}
