Unity Editor version:    2021.3.23f1 (213b516bf396)
Branch:                  2021.3/staging
Build type:              Release
Batch mode:              YES
macOS version:           Version 13.3.1 (Build 22E261)
Darwin version:          22.4.0
Architecture:            x86_64
Running under Rosetta:   NO
Available memory:        40960 MB
Using pre-set license
Pro License: YES

COMMAND LINE ARGUMENTS:
/Applications/Unity/Hub/Editor/2021.3.23f1/Unity.app/Contents/MacOS/Unity
-adb2
-batchMode
-noUpm
-name
AssetImportWorker0
-projectPath
/Users/cs210student/Documents/Mercedes_3/2023-Mercedes3/AR iOS
-logFile
Logs/AssetImportWorker0.log
-srvPort
51404
Successfully changed project path to: /Users/cs210student/Documents/Mercedes_3/2023-Mercedes3/AR iOS
/Users/cs210student/Documents/Mercedes_3/2023-Mercedes3/AR iOS
[UnityMemory] Configuration Parameters - Can be set up in boot.config
    "memorysetup-bucket-allocator-granularity=16"
    "memorysetup-bucket-allocator-bucket-count=8"
    "memorysetup-bucket-allocator-block-size=33554432"
    "memorysetup-bucket-allocator-block-count=8"
    "memorysetup-main-allocator-block-size=16777216"
    "memorysetup-thread-allocator-block-size=16777216"
    "memorysetup-gfx-main-allocator-block-size=16777216"
    "memorysetup-gfx-thread-allocator-block-size=16777216"
    "memorysetup-cache-allocator-block-size=4194304"
    "memorysetup-typetree-allocator-block-size=2097152"
    "memorysetup-profiler-bucket-allocator-granularity=16"
    "memorysetup-profiler-bucket-allocator-bucket-count=8"
    "memorysetup-profiler-bucket-allocator-block-size=33554432"
    "memorysetup-profiler-bucket-allocator-block-count=8"
    "memorysetup-profiler-allocator-block-size=16777216"
    "memorysetup-profiler-editor-allocator-block-size=1048576"
    "memorysetup-temp-allocator-size-main=16777216"
    "memorysetup-job-temp-allocator-block-size=2097152"
    "memorysetup-job-temp-allocator-block-size-background=1048576"
    "memorysetup-job-temp-allocator-reduction-small-platforms=262144"
    "memorysetup-temp-allocator-size-background-worker=32768"
    "memorysetup-temp-allocator-size-job-worker=262144"
    "memorysetup-temp-allocator-size-preload-manager=33554432"
    "memorysetup-temp-allocator-size-nav-mesh-worker=65536"
    "memorysetup-temp-allocator-size-audio-worker=65536"
    "memorysetup-temp-allocator-size-cloud-worker=32768"
    "memorysetup-temp-allocator-size-gi-baking-worker=262144"
    "memorysetup-temp-allocator-size-gfx=262144"
Player connection [140704484361024] Host "[IP] 172.24.65.113 [Port] 0 [Flags] 2 [Guid] 1634997727 [EditorId] 1634997727 [Version] 1048832 [Id] OSXEditor(0,jay-imac23.stanford.edu) [Debug] 1 [PackageName] OSXEditor [ProjectName] Editor" joined multi-casting on [225.0.0.222:54997]...

Player connection [140704484361024] Host "[IP] 172.24.65.113 [Port] 0 [Flags] 2 [Guid] 1634997727 [EditorId] 1634997727 [Version] 1048832 [Id] OSXEditor(0,jay-imac23.stanford.edu) [Debug] 1 [PackageName] OSXEditor [ProjectName] Editor" joined alternative multi-casting on [225.0.0.222:34997]...

Refreshing native plugins compatible for Editor in 97.55 ms, found 3 plugins.
Preloading 0 native plugins for Editor in 0.00 ms.
Initialize engine version: 2021.3.23f1 (213b516bf396)
[Subsystems] Discovering subsystems at path /Applications/Unity/Hub/Editor/2021.3.23f1/Unity.app/Contents/Resources/UnitySubsystems
[Subsystems] Discovering subsystems at path /Users/cs210student/Documents/Mercedes_3/2023-Mercedes3/AR iOS/Assets
GfxDevice: creating device client; threaded=0; jobified=0
iMac preferred device: AMD Radeon Pro 575X (high power)
Metal devices available: 1
0: AMD Radeon Pro 575X (high power)
Using device AMD Radeon Pro 575X (high power)
Initializing Metal device caps: AMD Radeon Pro 575X
Initialize mono
Mono path[0] = '/Applications/Unity/Hub/Editor/2021.3.23f1/Unity.app/Contents/Managed'
Mono path[1] = '/Applications/Unity/Hub/Editor/2021.3.23f1/Unity.app/Contents/MonoBleedingEdge/lib/mono/unityjit-macos'
Mono config path = '/Applications/Unity/Hub/Editor/2021.3.23f1/Unity.app/Contents/MonoBleedingEdge/etc'
Using monoOptions --debugger-agent=transport=dt_socket,embedding=1,server=y,suspend=n,address=127.0.0.1:56876
Begin MonoManager ReloadAssembly
Registering precompiled unity dll's ...
Register platform support module: /Applications/Unity/Hub/Editor/2021.3.23f1/PlaybackEngines/WebGLSupport/UnityEditor.WebGL.Extensions.dll
Register platform support module: /Applications/Unity/Hub/Editor/2021.3.23f1/Unity.app/Contents/PlaybackEngines/MacStandaloneSupport/UnityEditor.OSXStandalone.Extensions.dll
Register platform support module: /Applications/Unity/Hub/Editor/2021.3.23f1/PlaybackEngines/iOSSupport/UnityEditor.iOS.Extensions.dll
Registered in 0.001236 seconds.
[usbmuxd] Start listen thread
[usbmuxd] Listen thread started
[usbmuxd] Send listen message
[usbmuxd] Attached: 10 00008020-00011C6926E9002E
Native extension for iOS target not found
Native extension for OSXStandalone target not found
Native extension for WebGL target not found
Refreshing native plugins compatible for Editor in 90.47 ms, found 3 plugins.
Preloading 0 native plugins for Editor in 0.00 ms.
Mono: successfully reloaded assembly
- Completed reload, in  0.857 seconds
Domain Reload Profiling:
	ReloadAssembly (857ms)
		BeginReloadAssembly (72ms)
			ExecutionOrderSort (0ms)
			DisableScriptedObjects (0ms)
			BackupInstance (0ms)
			ReleaseScriptingObjects (0ms)
			CreateAndSetChildDomain (1ms)
		EndReloadAssembly (683ms)
			LoadAssemblies (72ms)
			RebuildTransferFunctionScriptingTraits (0ms)
			SetupTypeCache (135ms)
			ReleaseScriptCaches (0ms)
			RebuildScriptCaches (32ms)
			SetupLoadedEditorAssemblies (468ms)
				LogAssemblyErrors (0ms)
				InitializePlatformSupportModulesInManaged (184ms)
				SetLoadedEditorAssemblies (0ms)
				RefreshPlugins (91ms)
				BeforeProcessingInitializeOnLoad (1ms)
				ProcessInitializeOnLoadAttributes (148ms)
				ProcessInitializeOnLoadMethodAttributes (44ms)
				AfterProcessingInitializeOnLoad (0ms)
				EditorAssembliesLoaded (0ms)
			ExecutionOrderSort2 (0ms)
			AwakeInstancesAfterBackupRestoration (0ms)
Platform modules already initialized, skipping
Registering precompiled user dll's ...
Registered in 0.003899 seconds.
Begin MonoManager ReloadAssembly
Symbol file LoadedFromMemory doesn't match image /Users/cs210student/Documents/Mercedes_3/2023-Mercedes3/AR iOS/Library/PackageCache/com.unity.visualscripting@1.8.0/Editor/VisualScripting.Core/Dependencies/DotNetZip/Unity.VisualScripting.IonicZip.dll
Symbol file LoadedFromMemory doesn't match image /Users/cs210student/Documents/Mercedes_3/2023-Mercedes3/AR iOS/Library/PackageCache/com.unity.visualscripting@1.8.0/Editor/VisualScripting.Core/Dependencies/YamlDotNet/Unity.VisualScripting.YamlDotNet.dll
Native extension for iOS target not found
Native extension for OSXStandalone target not found
Native extension for WebGL target not found
Refreshing native plugins compatible for Editor in 92.07 ms, found 3 plugins.
Preloading 0 native plugins for Editor in 0.00 ms.
Package Manager log level set to [2]
[ARLocation]: Starting up!
UnityEngine.StackTraceUtility:ExtractStackTrace () (at /Users/bokken/build/output/unity/unity/Runtime/Export/Scripting/StackTrace.cs:37)
UnityEngine.DebugLogHandler:LogFormat (UnityEngine.LogType,UnityEngine.Object,string,object[])
UnityEngine.Logger:Log (UnityEngine.LogType,object)
UnityEngine.Debug:Log (object)
ARLocationEditorConfigManager:.cctor () (at Assets/ARLocation/Editor/ARLocationEditorConfigManager.cs:13)
System.Runtime.CompilerServices.RuntimeHelpers:RunClassConstructor (System.RuntimeTypeHandle)
UnityEditor.EditorAssemblies:ProcessInitializeOnLoadAttributes (System.Type[]) (at /Users/bokken/build/output/unity/unity/Editor/Mono/EditorAssemblies.cs:126)

(Filename: Assets/ARLocation/Editor/ARLocationEditorConfigManager.cs Line: 13)

[ARLocation]: Resource folder already exists!
UnityEngine.StackTraceUtility:ExtractStackTrace () (at /Users/bokken/build/output/unity/unity/Runtime/Export/Scripting/StackTrace.cs:37)
UnityEngine.DebugLogHandler:LogFormat (UnityEngine.LogType,UnityEngine.Object,string,object[])
UnityEngine.Logger:Log (UnityEngine.LogType,object)
UnityEngine.Debug:Log (object)
ARLocationEditorConfigManager:.cctor () (at Assets/ARLocation/Editor/ARLocationEditorConfigManager.cs:17)
System.Runtime.CompilerServices.RuntimeHelpers:RunClassConstructor (System.RuntimeTypeHandle)
UnityEditor.EditorAssemblies:ProcessInitializeOnLoadAttributes (System.Type[]) (at /Users/bokken/build/output/unity/unity/Editor/Mono/EditorAssemblies.cs:126)

(Filename: Assets/ARLocation/Editor/ARLocationEditorConfigManager.cs Line: 17)

[ARLocation]: Creating new configuration!
UnityEngine.StackTraceUtility:ExtractStackTrace () (at /Users/bokken/build/output/unity/unity/Runtime/Export/Scripting/StackTrace.cs:37)
UnityEngine.DebugLogHandler:LogFormat (UnityEngine.LogType,UnityEngine.Object,string,object[])
UnityEngine.Logger:Log (UnityEngine.LogType,object)
UnityEngine.Debug:Log (object)
ARLocationEditorConfigManager:.cctor () (at Assets/ARLocation/Editor/ARLocationEditorConfigManager.cs:33)
System.Runtime.CompilerServices.RuntimeHelpers:RunClassConstructor (System.RuntimeTypeHandle)
UnityEditor.EditorAssemblies:ProcessInitializeOnLoadAttributes (System.Type[]) (at /Users/bokken/build/output/unity/unity/Editor/Mono/EditorAssemblies.cs:126)

(Filename: Assets/ARLocation/Editor/ARLocationEditorConfigManager.cs Line: 33)

Obtained 53 stack frames.
#0  0x0000010782c12a in core::hash_set<core::pair<core::basic_string<char, core::StringStorageDefault<char>> const, UnityGUID, true>, core::hash_pair<core::hash<core::basic_string<char, core::StringStorageDefault<char>>>, core::basic_string<char, core::StringStorageDefault<char>> const, UnityGUID>, core::equal_pair<std::__1::equal_to<core::basic_string<char, core::StringStorageDefault<char>>>, core::basic_string<char, core::StringStorageDefault<char>> const, UnityGUID>>::operator=(core::hash_set<core::pair<core::basic_string<char, core::StringStorageDefault<char>> const, UnityGUID, true>, core::hash_pair<core::hash<core::basic_string<char, core::StringStorageDefault<char>>>, core::basic_string<char, core::StringStorageDefault<char>> const, UnityGUID>, core::equal_pair<std::__1::equal_to<core::basic_string<char, core::StringStorageDefault<char>>>, core::basic_string<char, core::StringStorageDefault<char>> const, UnityGUID>> const&)
#1  0x0000010782ff7a in core::function_ref<void (SourceAssetDBWriteTxn&)>::function_ref<SourceAssetScanner::Refresh(ScanFilter const&, GuidReservations&)::$_3, (void*)0>(SourceAssetScanner::Refresh(ScanFilter const&, GuidReservations&)::$_3&&)::'lambda'(void*, SourceAssetDBWriteTxn&)::__invoke(void*, SourceAssetDBWriteTxn&)
#2  0x000001078005c9 in LMDB_Transaction::Run(core::function_ref<void (LMDB_Transaction&)>)
#3  0x0000010777b6ee in SourceAssetDBWriteTxn::Run(core::function_ref<void (SourceAssetDBWriteTxn&)>)
#4  0x0000010782878f in SourceAssetScanner::Refresh(ScanFilter const&, GuidReservations&)
#5  0x0000010779f9e8 in Scan(ScanFilter const&)
#6  0x0000010779f881 in ImportAtPathV2(core::basic_string_ref<char>, AssetDatabase::UpdateAssetOptions)
#7  0x0000010785f46f in AssetDatabase::ImportAtPath(core::basic_string_ref<char>, AssetDatabase::UpdateAssetOptions)
#8  0x00000107837187 in AssetDatabase::CopyAsset(UnityGUID const&, core::basic_string<char, core::StringStorageDefault<char>> const&)
#9  0x00000105963edf in AssetDatabaseBindings::CopyAsset(core::basic_string<char, core::StringStorageDefault<char>> const&, core::basic_string<char, core::StringStorageDefault<char>> const&)
#10 0x00000105a2c968 in AssetDatabase_CUSTOM_CopyAsset(ScriptingBackendNativeStringPtrOpaque*, ScriptingBackendNativeStringPtrOpaque*)
#11 0x0000015e2eb686 in  (wrapper managed-to-native) UnityEditor.AssetDatabase:CopyAsset (string,string) [{0x7faf25355090} + 0x86]  (0x15e2eb600 0x15e2eb73d) [0x154982a80 - Unity Child Domain]
#12 0x00000154debc6c in mono_jit_runtime_invoke
#13 0x00000154fa12cf in do_runtime_invoke
#14 0x00000154f9d78b in mono_runtime_class_init_full
#15 0x00000154f622e4 in ves_icall_System_Runtime_CompilerServices_RuntimeHelpers_RunClassConstructor_raw
#16 0x00000154d2bfb6 in  (wrapper managed-to-native) System.Runtime.CompilerServices.RuntimeHelpers:RunClassConstructor (intptr) [{0x7faf63ac1628} + 0x56]  (0x154d2bf60 0x154d2c035) [0x154982a80 - Unity Child Domain]
#17 0x00000154d41fa9 in  (wrapper runtime-invoke) <Module>:runtime_invoke_void_object (object,intptr,intptr,intptr) [{0x7faf520c0b80} + 0x89]  (0x154d41f20 0x154d4202b) [0x154982a80 - Unity Child Domain]
#18 0x00000154debc6c in mono_jit_runtime_invoke
#19 0x00000154fa12cf in do_runtime_invoke
#20 0x00000154fa120c in mono_runtime_invoke
#21 0x00000106332a37 in scripting_method_invoke(ScriptingMethodPtr, ScriptingObjectPtr, ScriptingArguments&, ScriptingExceptionPtr*, bool)
#22 0x0000010630ed76 in ScriptingInvocation::Invoke(ScriptingExceptionPtr*, bool)
#23 0x0000010643091b in Scripting::UnityEditor::EditorAssembliesProxy::ProcessInitializeOnLoadAttributes(ScriptingArrayPtr, ScriptingExceptionPtr*)
#24 0x000001062daf4a in MonoManager::SetupLoadedEditorAssemblies(dynamic_array<int, 0ul> const&)
#25 0x000001062dd4d8 in MonoManager::EndReloadAssembly(DomainReloadingData&, dynamic_bitset)
#26 0x000001062db5e6 in MonoManager::ReloadAssembly()
#27 0x00000106f0425a in LoadDomainAndUserAssemblies()
#28 0x00000106f06490 in LoadUserAssemblies()
#29 0x000001072e2176 in Application::InitializeProject()
#30 0x0000010824f6bb in -[EditorApplication applicationDidFinishLaunching:]
#31 0x007ff80d6ee838 in __CFNOTIFICATIONCENTER_IS_CALLING_OUT_TO_AN_OBSERVER__
#32 0x007ff80d78746e in ___CFXRegistrationPost_block_invoke
#33 0x007ff80d7873c3 in _CFXRegistrationPost
#34 0x007ff80d6c1ab7 in _CFXNotificationPost
#35 0x007ff80e52cd10 in -[NSNotificationCenter postNotificationName:object:userInfo:]
#36 0x007ff8107914a1 in -[NSApplication _postDidFinishNotification]
#37 0x007ff8107911ef in -[NSApplication _sendFinishLaunchingNotification]
#38 0x007ff81078ef12 in -[NSApplication(NSAppleEventHandling) _handleAEOpenEvent:]
#39 0x007ff81078eb68 in -[NSApplication(NSAppleEventHandling) _handleCoreEvent:withReplyEvent:]
#40 0x007ff80e557c84 in -[NSAppleEventManager dispatchRawAppleEvent:withRawReply:handlerRefCon:]
#41 0x007ff80e557af6 in _NSAppleEventManagerGenericHandler
#42 0x007ff813b39033 in _AppleEventsCheckInAppWithBlock
#43 0x007ff813b3889f in _AppleEventsCheckInAppWithBlock
#44 0x007ff813b31ec4 in aeProcessAppleEvent
#45 0x007ff81716fcd8 in AEProcessAppleEvent
#46 0x007ff810789aea in _DPSNextEvent
#47 0x007ff81078864a in -[NSApplication(NSEvent) _nextEventMatchingEventMask:untilDate:inMode:dequeue:]
#48 0x007ff81077acb8 in -[NSApplication run]
#49 0x007ff81074eed2 in NSApplicationMain
#50 0x0000010824d935 in EditorMain(int, char const**)
#51 0x0000010824dc59 in main
#52 0x007ff80d2c341f in start
